02:19:27 INFO  : Registering command handlers for SDK TCF services
02:19:28 INFO  : Launching XSCT server: xsct.bat -interactive C:\Users\daksh18137\hw11\hw11.sdk\temp_xsdb_launch_script.tcl
02:19:37 INFO  : XSCT server has started successfully.
02:19:38 INFO  : Successfully done setting XSCT server connection channel  
02:19:38 INFO  : Processing command line option -hwspec C:/Users/daksh18137/hw11/hw11.sdk/design_1_wrapper.hdf.
02:19:38 INFO  : Successfully done setting SDK workspace  
02:22:16 INFO  : Connected to target on host '127.0.0.1' and port '3121'.
02:22:18 INFO  : 'targets -set -filter {jtag_cable_name =~ "Digilent Zybo Z7 210351A7817EA" && level==0} -index 1' command is executed.
02:22:20 INFO  : FPGA configured successfully with bitstream "C:/Users/daksh18137/hw11/hw11.sdk/design_1_wrapper_hw_platform_0/design_1_wrapper.bit"
02:23:25 INFO  : 'targets -set -filter {jtag_cable_name =~ "Digilent Zybo Z7 210351A7817EA" && level==0} -index 1' command is executed.
02:23:25 INFO  : 'fpga -state' command is executed.
02:23:25 INFO  : Connected to target on host '127.0.0.1' and port '3121'.
02:23:25 INFO  : Jtag cable 'Digilent Zybo Z7 210351A7817EA' is selected.
02:23:25 INFO  : 'jtag frequency' command is executed.
02:23:25 INFO  : Sourcing of 'C:/Users/daksh18137/hw11/hw11.sdk/design_1_wrapper_hw_platform_0/ps7_init.tcl' is done.
02:23:25 INFO  : Context for 'APU' is selected.
02:23:25 INFO  : Hardware design information is loaded from 'C:/Users/daksh18137/hw11/hw11.sdk/design_1_wrapper_hw_platform_0/system.hdf'.
02:23:25 INFO  : 'configparams force-mem-access 1' command is executed.
02:23:25 INFO  : Context for 'APU' is selected.
02:23:25 INFO  : 'stop' command is executed.
02:23:25 INFO  : 'ps7_init' command is executed.
02:23:25 INFO  : 'ps7_post_config' command is executed.
02:23:26 INFO  : Context for processor 'ps7_cortexa9_0' is selected.
02:23:26 INFO  : Processor reset is completed for 'ps7_cortexa9_0'.
02:23:26 INFO  : Context for processor 'ps7_cortexa9_0' is selected.
02:23:26 INFO  : The application 'C:/Users/daksh18137/hw11/hw11.sdk/randi/Debug/randi.elf' is downloaded to processor 'ps7_cortexa9_0'.
02:23:26 INFO  : 'configparams force-mem-access 0' command is executed.
02:23:26 INFO  : ----------------XSDB Script----------------
connect -url tcp:127.0.0.1:3121
source C:/Users/daksh18137/hw11/hw11.sdk/design_1_wrapper_hw_platform_0/ps7_init.tcl
targets -set -nocase -filter {name =~"APU*" && jtag_cable_name =~ "Digilent Zybo Z7 210351A7817EA"} -index 0
loadhw -hw C:/Users/daksh18137/hw11/hw11.sdk/design_1_wrapper_hw_platform_0/system.hdf -mem-ranges [list {0x40000000 0xbfffffff}]
configparams force-mem-access 1
targets -set -nocase -filter {name =~"APU*" && jtag_cable_name =~ "Digilent Zybo Z7 210351A7817EA"} -index 0
stop
ps7_init
ps7_post_config
targets -set -nocase -filter {name =~ "ARM*#0" && jtag_cable_name =~ "Digilent Zybo Z7 210351A7817EA"} -index 0
rst -processor
targets -set -nocase -filter {name =~ "ARM*#0" && jtag_cable_name =~ "Digilent Zybo Z7 210351A7817EA"} -index 0
dow C:/Users/daksh18137/hw11/hw11.sdk/randi/Debug/randi.elf
configparams force-mem-access 0
----------------End of Script----------------

02:23:26 INFO  : Memory regions updated for context APU
02:23:26 INFO  : Context for processor 'ps7_cortexa9_0' is selected.
02:23:26 INFO  : 'con' command is executed.
02:23:26 INFO  : ----------------XSDB Script (After Launch)----------------
targets -set -nocase -filter {name =~ "ARM*#0" && jtag_cable_name =~ "Digilent Zybo Z7 210351A7817EA"} -index 0
con
----------------End of Script----------------

02:23:26 INFO  : Launch script is exported to file 'C:\Users\daksh18137\hw11\hw11.sdk\.sdk\launch_scripts\xilinx_c-c++_application_(system_debugger)\system_debugger_using_debug_randi.elf_on_local.tcl'
02:24:08 INFO  : Disconnected from the channel tcfchan#1.
02:24:09 INFO  : 'targets -set -filter {jtag_cable_name =~ "Digilent Zybo Z7 210351A7817EA" && level==0} -index 1' command is executed.
02:24:09 INFO  : 'fpga -state' command is executed.
02:24:09 INFO  : Connected to target on host '127.0.0.1' and port '3121'.
02:24:09 INFO  : Jtag cable 'Digilent Zybo Z7 210351A7817EA' is selected.
02:24:09 INFO  : 'jtag frequency' command is executed.
02:24:09 INFO  : Sourcing of 'C:/Users/daksh18137/hw11/hw11.sdk/design_1_wrapper_hw_platform_0/ps7_init.tcl' is done.
02:24:09 INFO  : Context for 'APU' is selected.
02:24:11 INFO  : Hardware design information is loaded from 'C:/Users/daksh18137/hw11/hw11.sdk/design_1_wrapper_hw_platform_0/system.hdf'.
02:24:11 INFO  : 'configparams force-mem-access 1' command is executed.
02:24:12 INFO  : Context for 'APU' is selected.
02:24:12 INFO  : 'stop' command is executed.
02:24:12 INFO  : 'ps7_init' command is executed.
02:24:12 INFO  : 'ps7_post_config' command is executed.
02:24:12 INFO  : Context for processor 'ps7_cortexa9_0' is selected.
02:24:12 INFO  : Processor reset is completed for 'ps7_cortexa9_0'.
02:24:12 INFO  : Context for processor 'ps7_cortexa9_0' is selected.
02:24:12 INFO  : The application 'C:/Users/daksh18137/hw11/hw11.sdk/randi/Debug/randi.elf' is downloaded to processor 'ps7_cortexa9_0'.
02:24:12 INFO  : 'configparams force-mem-access 0' command is executed.
02:24:12 INFO  : ----------------XSDB Script----------------
connect -url tcp:127.0.0.1:3121
source C:/Users/daksh18137/hw11/hw11.sdk/design_1_wrapper_hw_platform_0/ps7_init.tcl
targets -set -nocase -filter {name =~"APU*" && jtag_cable_name =~ "Digilent Zybo Z7 210351A7817EA"} -index 0
loadhw -hw C:/Users/daksh18137/hw11/hw11.sdk/design_1_wrapper_hw_platform_0/system.hdf -mem-ranges [list {0x40000000 0xbfffffff}]
configparams force-mem-access 1
targets -set -nocase -filter {name =~"APU*" && jtag_cable_name =~ "Digilent Zybo Z7 210351A7817EA"} -index 0
stop
ps7_init
ps7_post_config
targets -set -nocase -filter {name =~ "ARM*#0" && jtag_cable_name =~ "Digilent Zybo Z7 210351A7817EA"} -index 0
rst -processor
targets -set -nocase -filter {name =~ "ARM*#0" && jtag_cable_name =~ "Digilent Zybo Z7 210351A7817EA"} -index 0
dow C:/Users/daksh18137/hw11/hw11.sdk/randi/Debug/randi.elf
configparams force-mem-access 0
----------------End of Script----------------

02:24:12 INFO  : Memory regions updated for context APU
02:24:12 INFO  : Context for processor 'ps7_cortexa9_0' is selected.
02:24:12 INFO  : 'con' command is executed.
02:24:12 INFO  : ----------------XSDB Script (After Launch)----------------
targets -set -nocase -filter {name =~ "ARM*#0" && jtag_cable_name =~ "Digilent Zybo Z7 210351A7817EA"} -index 0
con
----------------End of Script----------------

02:24:12 INFO  : Launch script is exported to file 'C:\Users\daksh18137\hw11\hw11.sdk\.sdk\launch_scripts\xilinx_c-c++_application_(system_debugger)\system_debugger_using_debug_randi.elf_on_local.tcl'
02:29:03 INFO  : Connected to target on host '127.0.0.1' and port '3121'.
02:29:03 INFO  : 'targets -set -filter {jtag_cable_name =~ "Digilent Zybo Z7 210351A7817EA" && level==0} -index 1' command is executed.
02:29:05 INFO  : FPGA configured successfully with bitstream "C:/Users/daksh18137/hw11/hw11.sdk/design_1_wrapper_hw_platform_0/design_1_wrapper.bit"
02:29:11 INFO  : Disconnected from the channel tcfchan#2.
02:29:12 INFO  : 'targets -set -filter {jtag_cable_name =~ "Digilent Zybo Z7 210351A7817EA" && level==0} -index 1' command is executed.
02:29:12 INFO  : 'fpga -state' command is executed.
02:29:12 INFO  : Connected to target on host '127.0.0.1' and port '3121'.
02:29:12 INFO  : Jtag cable 'Digilent Zybo Z7 210351A7817EA' is selected.
02:29:12 INFO  : 'jtag frequency' command is executed.
02:29:12 INFO  : Sourcing of 'C:/Users/daksh18137/hw11/hw11.sdk/design_1_wrapper_hw_platform_0/ps7_init.tcl' is done.
02:29:12 INFO  : Context for 'APU' is selected.
02:29:14 INFO  : Hardware design information is loaded from 'C:/Users/daksh18137/hw11/hw11.sdk/design_1_wrapper_hw_platform_0/system.hdf'.
02:29:14 INFO  : 'configparams force-mem-access 1' command is executed.
02:29:14 INFO  : Context for 'APU' is selected.
02:29:14 INFO  : 'stop' command is executed.
02:29:15 INFO  : 'ps7_init' command is executed.
02:29:15 INFO  : 'ps7_post_config' command is executed.
02:29:15 INFO  : Context for processor 'ps7_cortexa9_0' is selected.
02:29:15 INFO  : Processor reset is completed for 'ps7_cortexa9_0'.
02:29:15 INFO  : Context for processor 'ps7_cortexa9_0' is selected.
02:29:15 INFO  : The application 'C:/Users/daksh18137/hw11/hw11.sdk/randi/Debug/randi.elf' is downloaded to processor 'ps7_cortexa9_0'.
02:29:15 INFO  : 'configparams force-mem-access 0' command is executed.
02:29:15 INFO  : ----------------XSDB Script----------------
connect -url tcp:127.0.0.1:3121
source C:/Users/daksh18137/hw11/hw11.sdk/design_1_wrapper_hw_platform_0/ps7_init.tcl
targets -set -nocase -filter {name =~"APU*" && jtag_cable_name =~ "Digilent Zybo Z7 210351A7817EA"} -index 0
loadhw -hw C:/Users/daksh18137/hw11/hw11.sdk/design_1_wrapper_hw_platform_0/system.hdf -mem-ranges [list {0x40000000 0xbfffffff}]
configparams force-mem-access 1
targets -set -nocase -filter {name =~"APU*" && jtag_cable_name =~ "Digilent Zybo Z7 210351A7817EA"} -index 0
stop
ps7_init
ps7_post_config
targets -set -nocase -filter {name =~ "ARM*#0" && jtag_cable_name =~ "Digilent Zybo Z7 210351A7817EA"} -index 0
rst -processor
targets -set -nocase -filter {name =~ "ARM*#0" && jtag_cable_name =~ "Digilent Zybo Z7 210351A7817EA"} -index 0
dow C:/Users/daksh18137/hw11/hw11.sdk/randi/Debug/randi.elf
configparams force-mem-access 0
----------------End of Script----------------

02:29:15 INFO  : Memory regions updated for context APU
02:29:15 INFO  : Context for processor 'ps7_cortexa9_0' is selected.
02:29:15 INFO  : 'con' command is executed.
02:29:15 INFO  : ----------------XSDB Script (After Launch)----------------
targets -set -nocase -filter {name =~ "ARM*#0" && jtag_cable_name =~ "Digilent Zybo Z7 210351A7817EA"} -index 0
con
----------------End of Script----------------

02:29:15 INFO  : Launch script is exported to file 'C:\Users\daksh18137\hw11\hw11.sdk\.sdk\launch_scripts\xilinx_c-c++_application_(system_debugger)\system_debugger_using_debug_randi.elf_on_local.tcl'
02:35:27 INFO  : Disconnected from the channel tcfchan#3.
02:35:28 INFO  : 'targets -set -filter {jtag_cable_name =~ "Digilent Zybo Z7 210351A7817EA" && level==0} -index 1' command is executed.
02:35:28 INFO  : 'fpga -state' command is executed.
02:35:28 INFO  : Connected to target on host '127.0.0.1' and port '3121'.
02:35:28 INFO  : Jtag cable 'Digilent Zybo Z7 210351A7817EA' is selected.
02:35:28 INFO  : 'jtag frequency' command is executed.
02:35:28 INFO  : Sourcing of 'C:/Users/daksh18137/hw11/hw11.sdk/design_1_wrapper_hw_platform_0/ps7_init.tcl' is done.
02:35:28 INFO  : Context for 'APU' is selected.
02:35:30 INFO  : Hardware design information is loaded from 'C:/Users/daksh18137/hw11/hw11.sdk/design_1_wrapper_hw_platform_0/system.hdf'.
02:35:30 INFO  : 'configparams force-mem-access 1' command is executed.
02:35:30 INFO  : Context for 'APU' is selected.
02:35:30 INFO  : 'stop' command is executed.
02:35:31 INFO  : 'ps7_init' command is executed.
02:35:31 INFO  : 'ps7_post_config' command is executed.
02:35:31 INFO  : Context for processor 'ps7_cortexa9_0' is selected.
02:35:31 INFO  : Processor reset is completed for 'ps7_cortexa9_0'.
02:35:31 INFO  : Context for processor 'ps7_cortexa9_0' is selected.
02:35:31 INFO  : The application 'C:/Users/daksh18137/hw11/hw11.sdk/randi/Debug/randi.elf' is downloaded to processor 'ps7_cortexa9_0'.
02:35:31 INFO  : 'configparams force-mem-access 0' command is executed.
02:35:31 INFO  : ----------------XSDB Script----------------
connect -url tcp:127.0.0.1:3121
source C:/Users/daksh18137/hw11/hw11.sdk/design_1_wrapper_hw_platform_0/ps7_init.tcl
targets -set -nocase -filter {name =~"APU*" && jtag_cable_name =~ "Digilent Zybo Z7 210351A7817EA"} -index 0
loadhw -hw C:/Users/daksh18137/hw11/hw11.sdk/design_1_wrapper_hw_platform_0/system.hdf -mem-ranges [list {0x40000000 0xbfffffff}]
configparams force-mem-access 1
targets -set -nocase -filter {name =~"APU*" && jtag_cable_name =~ "Digilent Zybo Z7 210351A7817EA"} -index 0
stop
ps7_init
ps7_post_config
targets -set -nocase -filter {name =~ "ARM*#0" && jtag_cable_name =~ "Digilent Zybo Z7 210351A7817EA"} -index 0
rst -processor
targets -set -nocase -filter {name =~ "ARM*#0" && jtag_cable_name =~ "Digilent Zybo Z7 210351A7817EA"} -index 0
dow C:/Users/daksh18137/hw11/hw11.sdk/randi/Debug/randi.elf
configparams force-mem-access 0
----------------End of Script----------------

02:35:31 INFO  : Memory regions updated for context APU
02:35:31 INFO  : Context for processor 'ps7_cortexa9_0' is selected.
02:35:31 INFO  : 'con' command is executed.
02:35:31 INFO  : ----------------XSDB Script (After Launch)----------------
targets -set -nocase -filter {name =~ "ARM*#0" && jtag_cable_name =~ "Digilent Zybo Z7 210351A7817EA"} -index 0
con
----------------End of Script----------------

02:35:31 INFO  : Launch script is exported to file 'C:\Users\daksh18137\hw11\hw11.sdk\.sdk\launch_scripts\xilinx_c-c++_application_(system_debugger)\system_debugger_using_debug_randi.elf_on_local.tcl'
02:37:22 INFO  : Disconnected from the channel tcfchan#4.
02:37:23 INFO  : 'targets -set -filter {jtag_cable_name =~ "Digilent Zybo Z7 210351A7817EA" && level==0} -index 1' command is executed.
02:37:23 INFO  : 'fpga -state' command is executed.
02:37:23 INFO  : Connected to target on host '127.0.0.1' and port '3121'.
02:37:23 INFO  : Jtag cable 'Digilent Zybo Z7 210351A7817EA' is selected.
02:37:23 INFO  : 'jtag frequency' command is executed.
02:37:23 INFO  : Sourcing of 'C:/Users/daksh18137/hw11/hw11.sdk/design_1_wrapper_hw_platform_0/ps7_init.tcl' is done.
02:37:23 INFO  : Context for 'APU' is selected.
02:37:25 INFO  : Hardware design information is loaded from 'C:/Users/daksh18137/hw11/hw11.sdk/design_1_wrapper_hw_platform_0/system.hdf'.
02:37:25 INFO  : 'configparams force-mem-access 1' command is executed.
02:37:25 INFO  : Context for 'APU' is selected.
02:37:25 INFO  : 'stop' command is executed.
02:37:25 INFO  : 'ps7_init' command is executed.
02:37:25 INFO  : 'ps7_post_config' command is executed.
02:37:25 INFO  : Context for processor 'ps7_cortexa9_0' is selected.
02:37:25 INFO  : Processor reset is completed for 'ps7_cortexa9_0'.
02:37:25 INFO  : Context for processor 'ps7_cortexa9_0' is selected.
02:37:26 INFO  : The application 'C:/Users/daksh18137/hw11/hw11.sdk/randi/Debug/randi.elf' is downloaded to processor 'ps7_cortexa9_0'.
02:37:26 INFO  : 'configparams force-mem-access 0' command is executed.
02:37:26 INFO  : ----------------XSDB Script----------------
connect -url tcp:127.0.0.1:3121
source C:/Users/daksh18137/hw11/hw11.sdk/design_1_wrapper_hw_platform_0/ps7_init.tcl
targets -set -nocase -filter {name =~"APU*" && jtag_cable_name =~ "Digilent Zybo Z7 210351A7817EA"} -index 0
loadhw -hw C:/Users/daksh18137/hw11/hw11.sdk/design_1_wrapper_hw_platform_0/system.hdf -mem-ranges [list {0x40000000 0xbfffffff}]
configparams force-mem-access 1
targets -set -nocase -filter {name =~"APU*" && jtag_cable_name =~ "Digilent Zybo Z7 210351A7817EA"} -index 0
stop
ps7_init
ps7_post_config
targets -set -nocase -filter {name =~ "ARM*#0" && jtag_cable_name =~ "Digilent Zybo Z7 210351A7817EA"} -index 0
rst -processor
targets -set -nocase -filter {name =~ "ARM*#0" && jtag_cable_name =~ "Digilent Zybo Z7 210351A7817EA"} -index 0
dow C:/Users/daksh18137/hw11/hw11.sdk/randi/Debug/randi.elf
configparams force-mem-access 0
----------------End of Script----------------

02:37:26 INFO  : Memory regions updated for context APU
02:37:26 INFO  : Context for processor 'ps7_cortexa9_0' is selected.
02:37:26 INFO  : 'con' command is executed.
02:37:26 INFO  : ----------------XSDB Script (After Launch)----------------
targets -set -nocase -filter {name =~ "ARM*#0" && jtag_cable_name =~ "Digilent Zybo Z7 210351A7817EA"} -index 0
con
----------------End of Script----------------

02:37:26 INFO  : Launch script is exported to file 'C:\Users\daksh18137\hw11\hw11.sdk\.sdk\launch_scripts\xilinx_c-c++_application_(system_debugger)\system_debugger_using_debug_randi.elf_on_local.tcl'
02:38:36 INFO  : Connected to target on host '127.0.0.1' and port '3121'.
02:38:36 INFO  : 'targets -set -filter {jtag_cable_name =~ "Digilent Zybo Z7 210351A7817FA" && level==0} -index 1' command is executed.
02:38:38 INFO  : FPGA configured successfully with bitstream "C:/Users/daksh18137/hw11/hw11.sdk/design_1_wrapper_hw_platform_0/design_1_wrapper.bit"
02:38:47 INFO  : Disconnected from the channel tcfchan#5.
02:38:48 INFO  : 'targets -set -filter {jtag_cable_name =~ "Digilent Zybo Z7 210351A7817FA" && level==0} -index 1' command is executed.
02:38:48 INFO  : 'fpga -state' command is executed.
02:38:48 INFO  : Connected to target on host '127.0.0.1' and port '3121'.
02:38:48 INFO  : Jtag cable 'Digilent Zybo Z7 210351A7817FA' is selected.
02:38:48 INFO  : 'jtag frequency' command is executed.
02:38:48 INFO  : Sourcing of 'C:/Users/daksh18137/hw11/hw11.sdk/design_1_wrapper_hw_platform_0/ps7_init.tcl' is done.
02:38:48 INFO  : Context for 'APU' is selected.
02:38:50 INFO  : Hardware design information is loaded from 'C:/Users/daksh18137/hw11/hw11.sdk/design_1_wrapper_hw_platform_0/system.hdf'.
02:38:50 INFO  : 'configparams force-mem-access 1' command is executed.
02:38:50 INFO  : Context for 'APU' is selected.
02:38:50 INFO  : 'stop' command is executed.
02:38:50 INFO  : 'ps7_init' command is executed.
02:38:50 INFO  : 'ps7_post_config' command is executed.
02:38:50 INFO  : Context for processor 'ps7_cortexa9_0' is selected.
02:38:50 INFO  : Processor reset is completed for 'ps7_cortexa9_0'.
02:38:50 INFO  : Context for processor 'ps7_cortexa9_0' is selected.
02:38:50 INFO  : The application 'C:/Users/daksh18137/hw11/hw11.sdk/randi/Debug/randi.elf' is downloaded to processor 'ps7_cortexa9_0'.
02:38:50 INFO  : 'configparams force-mem-access 0' command is executed.
02:38:50 INFO  : ----------------XSDB Script----------------
connect -url tcp:127.0.0.1:3121
source C:/Users/daksh18137/hw11/hw11.sdk/design_1_wrapper_hw_platform_0/ps7_init.tcl
targets -set -nocase -filter {name =~"APU*" && jtag_cable_name =~ "Digilent Zybo Z7 210351A7817FA"} -index 0
loadhw -hw C:/Users/daksh18137/hw11/hw11.sdk/design_1_wrapper_hw_platform_0/system.hdf -mem-ranges [list {0x40000000 0xbfffffff}]
configparams force-mem-access 1
targets -set -nocase -filter {name =~"APU*" && jtag_cable_name =~ "Digilent Zybo Z7 210351A7817FA"} -index 0
stop
ps7_init
ps7_post_config
targets -set -nocase -filter {name =~ "ARM*#0" && jtag_cable_name =~ "Digilent Zybo Z7 210351A7817FA"} -index 0
rst -processor
targets -set -nocase -filter {name =~ "ARM*#0" && jtag_cable_name =~ "Digilent Zybo Z7 210351A7817FA"} -index 0
dow C:/Users/daksh18137/hw11/hw11.sdk/randi/Debug/randi.elf
configparams force-mem-access 0
----------------End of Script----------------

02:38:50 INFO  : Memory regions updated for context APU
02:38:50 INFO  : Context for processor 'ps7_cortexa9_0' is selected.
02:38:50 INFO  : 'con' command is executed.
02:38:50 INFO  : ----------------XSDB Script (After Launch)----------------
targets -set -nocase -filter {name =~ "ARM*#0" && jtag_cable_name =~ "Digilent Zybo Z7 210351A7817FA"} -index 0
con
----------------End of Script----------------

02:38:50 INFO  : Launch script is exported to file 'C:\Users\daksh18137\hw11\hw11.sdk\.sdk\launch_scripts\xilinx_c-c++_application_(system_debugger)\system_debugger_using_debug_randi.elf_on_local.tcl'
02:42:23 INFO  : Disconnected from the channel tcfchan#6.
21:27:53 INFO  : Registering command handlers for SDK TCF services
21:27:54 INFO  : Launching XSCT server: xsct.bat -interactive C:\Users\daksh18137\hw11\hw11.sdk\temp_xsdb_launch_script.tcl
21:27:58 INFO  : XSCT server has started successfully.
21:28:01 INFO  : Processing command line option -hwspec C:/Users/daksh18137/hw11/hw11.sdk/design_1_wrapper.hdf.
21:28:01 INFO  : Successfully done setting XSCT server connection channel  
21:28:01 INFO  : Successfully done setting SDK workspace  
21:28:01 INFO  : Checking for hwspec changes in the project design_1_wrapper_hw_platform_0.
21:29:22 INFO  : Connected to target on host '127.0.0.1' and port '3121'.
21:29:22 INFO  : 'targets -set -filter {jtag_cable_name =~ "Digilent Zybo Z7 210351A78190A" && level==0} -index 1' command is executed.
21:29:23 INFO  : FPGA configured successfully with bitstream "C:/Users/daksh18137/hw11/hw11.sdk/design_1_wrapper_hw_platform_0/design_1_wrapper.bit"
21:29:41 INFO  : 'targets -set -filter {jtag_cable_name =~ "Digilent Zybo Z7 210351A78190A" && level==0} -index 1' command is executed.
21:29:41 INFO  : 'fpga -state' command is executed.
21:29:41 INFO  : Connected to target on host '127.0.0.1' and port '3121'.
21:29:41 INFO  : Jtag cable 'Digilent Zybo Z7 210351A78190A' is selected.
21:29:41 INFO  : 'jtag frequency' command is executed.
21:29:41 INFO  : Sourcing of 'C:/Users/daksh18137/hw11/hw11.sdk/design_1_wrapper_hw_platform_0/ps7_init.tcl' is done.
21:29:41 INFO  : Context for 'APU' is selected.
21:29:41 INFO  : Hardware design information is loaded from 'C:/Users/daksh18137/hw11/hw11.sdk/design_1_wrapper_hw_platform_0/system.hdf'.
21:29:41 INFO  : 'configparams force-mem-access 1' command is executed.
21:29:41 INFO  : Context for 'APU' is selected.
21:29:41 INFO  : 'stop' command is executed.
21:29:41 INFO  : 'ps7_init' command is executed.
21:29:41 INFO  : 'ps7_post_config' command is executed.
21:29:41 INFO  : Context for processor 'ps7_cortexa9_0' is selected.
21:29:42 INFO  : Processor reset is completed for 'ps7_cortexa9_0'.
21:29:42 INFO  : Context for processor 'ps7_cortexa9_0' is selected.
21:29:42 INFO  : The application 'C:/Users/daksh18137/hw11/hw11.sdk/randi/Debug/randi.elf' is downloaded to processor 'ps7_cortexa9_0'.
21:29:42 INFO  : 'configparams force-mem-access 0' command is executed.
21:29:42 INFO  : ----------------XSDB Script----------------
connect -url tcp:127.0.0.1:3121
source C:/Users/daksh18137/hw11/hw11.sdk/design_1_wrapper_hw_platform_0/ps7_init.tcl
targets -set -nocase -filter {name =~"APU*" && jtag_cable_name =~ "Digilent Zybo Z7 210351A78190A"} -index 0
loadhw -hw C:/Users/daksh18137/hw11/hw11.sdk/design_1_wrapper_hw_platform_0/system.hdf -mem-ranges [list {0x40000000 0xbfffffff}]
configparams force-mem-access 1
targets -set -nocase -filter {name =~"APU*" && jtag_cable_name =~ "Digilent Zybo Z7 210351A78190A"} -index 0
stop
ps7_init
ps7_post_config
targets -set -nocase -filter {name =~ "ARM*#0" && jtag_cable_name =~ "Digilent Zybo Z7 210351A78190A"} -index 0
rst -processor
targets -set -nocase -filter {name =~ "ARM*#0" && jtag_cable_name =~ "Digilent Zybo Z7 210351A78190A"} -index 0
dow C:/Users/daksh18137/hw11/hw11.sdk/randi/Debug/randi.elf
configparams force-mem-access 0
----------------End of Script----------------

21:29:42 INFO  : Memory regions updated for context APU
21:29:42 INFO  : Context for processor 'ps7_cortexa9_0' is selected.
21:29:42 INFO  : 'con' command is executed.
21:29:42 INFO  : ----------------XSDB Script (After Launch)----------------
targets -set -nocase -filter {name =~ "ARM*#0" && jtag_cable_name =~ "Digilent Zybo Z7 210351A78190A"} -index 0
con
----------------End of Script----------------

21:29:42 INFO  : Launch script is exported to file 'C:\Users\daksh18137\hw11\hw11.sdk\.sdk\launch_scripts\xilinx_c-c++_application_(system_debugger)\system_debugger_using_debug_randi.elf_on_local.tcl'
21:34:08 INFO  : Connected to target on host '127.0.0.1' and port '3121'.
21:34:08 INFO  : 'targets -set -filter {jtag_cable_name =~ "Digilent Zybo Z7 210351A78190A" && level==0} -index 1' command is executed.
21:34:10 INFO  : FPGA configured successfully with bitstream "C:/Users/daksh18137/hw11/hw11.sdk/design_1_wrapper_hw_platform_0/design_1_wrapper.bit"
21:34:59 INFO  : Disconnected from the channel tcfchan#1.
21:35:00 INFO  : 'targets -set -filter {jtag_cable_name =~ "Digilent Zybo Z7 210351A78190A" && level==0} -index 1' command is executed.
21:35:00 INFO  : 'fpga -state' command is executed.
21:35:00 INFO  : Connected to target on host '127.0.0.1' and port '3121'.
21:35:01 INFO  : Jtag cable 'Digilent Zybo Z7 210351A78190A' is selected.
21:35:01 INFO  : 'jtag frequency' command is executed.
21:35:01 INFO  : Sourcing of 'C:/Users/daksh18137/hw11/hw11.sdk/design_1_wrapper_hw_platform_0/ps7_init.tcl' is done.
21:35:01 INFO  : Context for 'APU' is selected.
21:35:03 INFO  : Hardware design information is loaded from 'C:/Users/daksh18137/hw11/hw11.sdk/design_1_wrapper_hw_platform_0/system.hdf'.
21:35:03 INFO  : 'configparams force-mem-access 1' command is executed.
21:35:03 INFO  : Context for 'APU' is selected.
21:35:03 INFO  : 'stop' command is executed.
21:35:03 INFO  : 'ps7_init' command is executed.
21:35:03 INFO  : 'ps7_post_config' command is executed.
21:35:03 INFO  : Context for processor 'ps7_cortexa9_0' is selected.
21:35:03 INFO  : Processor reset is completed for 'ps7_cortexa9_0'.
21:35:03 INFO  : Context for processor 'ps7_cortexa9_0' is selected.
21:35:03 INFO  : The application 'C:/Users/daksh18137/hw11/hw11.sdk/randi/Debug/randi.elf' is downloaded to processor 'ps7_cortexa9_0'.
21:35:03 INFO  : 'configparams force-mem-access 0' command is executed.
21:35:03 INFO  : ----------------XSDB Script----------------
connect -url tcp:127.0.0.1:3121
source C:/Users/daksh18137/hw11/hw11.sdk/design_1_wrapper_hw_platform_0/ps7_init.tcl
targets -set -nocase -filter {name =~"APU*" && jtag_cable_name =~ "Digilent Zybo Z7 210351A78190A"} -index 0
loadhw -hw C:/Users/daksh18137/hw11/hw11.sdk/design_1_wrapper_hw_platform_0/system.hdf -mem-ranges [list {0x40000000 0xbfffffff}]
configparams force-mem-access 1
targets -set -nocase -filter {name =~"APU*" && jtag_cable_name =~ "Digilent Zybo Z7 210351A78190A"} -index 0
stop
ps7_init
ps7_post_config
targets -set -nocase -filter {name =~ "ARM*#0" && jtag_cable_name =~ "Digilent Zybo Z7 210351A78190A"} -index 0
rst -processor
targets -set -nocase -filter {name =~ "ARM*#0" && jtag_cable_name =~ "Digilent Zybo Z7 210351A78190A"} -index 0
dow C:/Users/daksh18137/hw11/hw11.sdk/randi/Debug/randi.elf
configparams force-mem-access 0
----------------End of Script----------------

21:35:03 INFO  : Memory regions updated for context APU
21:35:03 INFO  : Context for processor 'ps7_cortexa9_0' is selected.
21:35:03 INFO  : 'con' command is executed.
21:35:03 INFO  : ----------------XSDB Script (After Launch)----------------
targets -set -nocase -filter {name =~ "ARM*#0" && jtag_cable_name =~ "Digilent Zybo Z7 210351A78190A"} -index 0
con
----------------End of Script----------------

21:35:03 INFO  : Launch script is exported to file 'C:\Users\daksh18137\hw11\hw11.sdk\.sdk\launch_scripts\xilinx_c-c++_application_(system_debugger)\system_debugger_using_debug_randi.elf_on_local.tcl'
21:40:15 INFO  : Connected to target on host '127.0.0.1' and port '3121'.
21:40:15 INFO  : 'targets -set -filter {jtag_cable_name =~ "Digilent Zybo Z7 210351A78190A" && level==0} -index 1' command is executed.
21:40:16 INFO  : FPGA configured successfully with bitstream "C:/Users/daksh18137/hw11/hw11.sdk/design_1_wrapper_hw_platform_0/design_1_wrapper.bit"
21:40:22 INFO  : Disconnected from the channel tcfchan#2.
21:40:23 INFO  : 'targets -set -filter {jtag_cable_name =~ "Digilent Zybo Z7 210351A78190A" && level==0} -index 1' command is executed.
21:40:24 INFO  : 'fpga -state' command is executed.
21:40:24 INFO  : Connected to target on host '127.0.0.1' and port '3121'.
21:40:24 INFO  : Jtag cable 'Digilent Zybo Z7 210351A78190A' is selected.
21:40:24 INFO  : 'jtag frequency' command is executed.
21:40:24 INFO  : Sourcing of 'C:/Users/daksh18137/hw11/hw11.sdk/design_1_wrapper_hw_platform_0/ps7_init.tcl' is done.
21:40:24 INFO  : Context for 'APU' is selected.
21:40:26 INFO  : Hardware design information is loaded from 'C:/Users/daksh18137/hw11/hw11.sdk/design_1_wrapper_hw_platform_0/system.hdf'.
21:40:26 INFO  : 'configparams force-mem-access 1' command is executed.
21:40:26 INFO  : Context for 'APU' is selected.
21:40:26 INFO  : 'stop' command is executed.
21:40:26 INFO  : 'ps7_init' command is executed.
21:40:26 INFO  : 'ps7_post_config' command is executed.
21:40:26 INFO  : Context for processor 'ps7_cortexa9_0' is selected.
21:40:26 INFO  : Processor reset is completed for 'ps7_cortexa9_0'.
21:40:26 INFO  : Context for processor 'ps7_cortexa9_0' is selected.
21:40:26 INFO  : The application 'C:/Users/daksh18137/hw11/hw11.sdk/randi/Debug/randi.elf' is downloaded to processor 'ps7_cortexa9_0'.
21:40:26 INFO  : 'configparams force-mem-access 0' command is executed.
21:40:26 INFO  : ----------------XSDB Script----------------
connect -url tcp:127.0.0.1:3121
source C:/Users/daksh18137/hw11/hw11.sdk/design_1_wrapper_hw_platform_0/ps7_init.tcl
targets -set -nocase -filter {name =~"APU*" && jtag_cable_name =~ "Digilent Zybo Z7 210351A78190A"} -index 0
loadhw -hw C:/Users/daksh18137/hw11/hw11.sdk/design_1_wrapper_hw_platform_0/system.hdf -mem-ranges [list {0x40000000 0xbfffffff}]
configparams force-mem-access 1
targets -set -nocase -filter {name =~"APU*" && jtag_cable_name =~ "Digilent Zybo Z7 210351A78190A"} -index 0
stop
ps7_init
ps7_post_config
targets -set -nocase -filter {name =~ "ARM*#0" && jtag_cable_name =~ "Digilent Zybo Z7 210351A78190A"} -index 0
rst -processor
targets -set -nocase -filter {name =~ "ARM*#0" && jtag_cable_name =~ "Digilent Zybo Z7 210351A78190A"} -index 0
dow C:/Users/daksh18137/hw11/hw11.sdk/randi/Debug/randi.elf
configparams force-mem-access 0
----------------End of Script----------------

21:40:27 INFO  : Memory regions updated for context APU
21:40:27 INFO  : Context for processor 'ps7_cortexa9_0' is selected.
21:40:27 INFO  : 'con' command is executed.
21:40:27 INFO  : ----------------XSDB Script (After Launch)----------------
targets -set -nocase -filter {name =~ "ARM*#0" && jtag_cable_name =~ "Digilent Zybo Z7 210351A78190A"} -index 0
con
----------------End of Script----------------

21:40:27 INFO  : Launch script is exported to file 'C:\Users\daksh18137\hw11\hw11.sdk\.sdk\launch_scripts\xilinx_c-c++_application_(system_debugger)\system_debugger_using_debug_randi.elf_on_local.tcl'
21:42:42 INFO  : Disconnected from the channel tcfchan#3.
21:42:43 INFO  : 'targets -set -filter {jtag_cable_name =~ "Digilent Zybo Z7 210351A78190A" && level==0} -index 1' command is executed.
21:42:43 INFO  : 'fpga -state' command is executed.
21:42:43 INFO  : Connected to target on host '127.0.0.1' and port '3121'.
21:42:43 INFO  : Jtag cable 'Digilent Zybo Z7 210351A78190A' is selected.
21:42:43 INFO  : 'jtag frequency' command is executed.
21:42:43 INFO  : Sourcing of 'C:/Users/daksh18137/hw11/hw11.sdk/design_1_wrapper_hw_platform_0/ps7_init.tcl' is done.
21:42:43 INFO  : Context for 'APU' is selected.
21:42:45 INFO  : Hardware design information is loaded from 'C:/Users/daksh18137/hw11/hw11.sdk/design_1_wrapper_hw_platform_0/system.hdf'.
21:42:45 INFO  : 'configparams force-mem-access 1' command is executed.
21:42:45 INFO  : Context for 'APU' is selected.
21:42:45 INFO  : 'stop' command is executed.
21:42:45 INFO  : 'ps7_init' command is executed.
21:42:45 INFO  : 'ps7_post_config' command is executed.
21:42:45 INFO  : Context for processor 'ps7_cortexa9_0' is selected.
21:42:45 INFO  : Processor reset is completed for 'ps7_cortexa9_0'.
21:42:45 INFO  : Context for processor 'ps7_cortexa9_0' is selected.
21:42:45 INFO  : The application 'C:/Users/daksh18137/hw11/hw11.sdk/randi/Debug/randi.elf' is downloaded to processor 'ps7_cortexa9_0'.
21:42:45 INFO  : 'configparams force-mem-access 0' command is executed.
21:42:45 INFO  : ----------------XSDB Script----------------
connect -url tcp:127.0.0.1:3121
source C:/Users/daksh18137/hw11/hw11.sdk/design_1_wrapper_hw_platform_0/ps7_init.tcl
targets -set -nocase -filter {name =~"APU*" && jtag_cable_name =~ "Digilent Zybo Z7 210351A78190A"} -index 0
loadhw -hw C:/Users/daksh18137/hw11/hw11.sdk/design_1_wrapper_hw_platform_0/system.hdf -mem-ranges [list {0x40000000 0xbfffffff}]
configparams force-mem-access 1
targets -set -nocase -filter {name =~"APU*" && jtag_cable_name =~ "Digilent Zybo Z7 210351A78190A"} -index 0
stop
ps7_init
ps7_post_config
targets -set -nocase -filter {name =~ "ARM*#0" && jtag_cable_name =~ "Digilent Zybo Z7 210351A78190A"} -index 0
rst -processor
targets -set -nocase -filter {name =~ "ARM*#0" && jtag_cable_name =~ "Digilent Zybo Z7 210351A78190A"} -index 0
dow C:/Users/daksh18137/hw11/hw11.sdk/randi/Debug/randi.elf
configparams force-mem-access 0
----------------End of Script----------------

21:42:45 INFO  : Memory regions updated for context APU
21:42:46 INFO  : Context for processor 'ps7_cortexa9_0' is selected.
21:42:46 INFO  : 'con' command is executed.
21:42:46 INFO  : ----------------XSDB Script (After Launch)----------------
targets -set -nocase -filter {name =~ "ARM*#0" && jtag_cable_name =~ "Digilent Zybo Z7 210351A78190A"} -index 0
con
----------------End of Script----------------

21:42:46 INFO  : Launch script is exported to file 'C:\Users\daksh18137\hw11\hw11.sdk\.sdk\launch_scripts\xilinx_c-c++_application_(system_debugger)\system_debugger_using_debug_randi.elf_on_local.tcl'
21:46:11 INFO  : Disconnected from the channel tcfchan#4.
21:46:12 INFO  : 'targets -set -filter {jtag_cable_name =~ "Digilent Zybo Z7 210351A78190A" && level==0} -index 1' command is executed.
21:46:12 INFO  : 'fpga -state' command is executed.
21:46:12 INFO  : Connected to target on host '127.0.0.1' and port '3121'.
21:46:12 INFO  : Jtag cable 'Digilent Zybo Z7 210351A78190A' is selected.
21:46:12 INFO  : 'jtag frequency' command is executed.
21:46:12 INFO  : Sourcing of 'C:/Users/daksh18137/hw11/hw11.sdk/design_1_wrapper_hw_platform_0/ps7_init.tcl' is done.
21:46:12 INFO  : Context for 'APU' is selected.
21:46:15 INFO  : Hardware design information is loaded from 'C:/Users/daksh18137/hw11/hw11.sdk/design_1_wrapper_hw_platform_0/system.hdf'.
21:46:15 INFO  : 'configparams force-mem-access 1' command is executed.
21:46:15 INFO  : Context for 'APU' is selected.
21:46:15 INFO  : 'stop' command is executed.
21:46:15 INFO  : 'ps7_init' command is executed.
21:46:15 INFO  : 'ps7_post_config' command is executed.
21:46:15 INFO  : Context for processor 'ps7_cortexa9_0' is selected.
21:46:15 INFO  : Processor reset is completed for 'ps7_cortexa9_0'.
21:46:15 INFO  : Context for processor 'ps7_cortexa9_0' is selected.
21:46:15 INFO  : The application 'C:/Users/daksh18137/hw11/hw11.sdk/randi/Debug/randi.elf' is downloaded to processor 'ps7_cortexa9_0'.
21:46:15 INFO  : 'configparams force-mem-access 0' command is executed.
21:46:15 INFO  : ----------------XSDB Script----------------
connect -url tcp:127.0.0.1:3121
source C:/Users/daksh18137/hw11/hw11.sdk/design_1_wrapper_hw_platform_0/ps7_init.tcl
targets -set -nocase -filter {name =~"APU*" && jtag_cable_name =~ "Digilent Zybo Z7 210351A78190A"} -index 0
loadhw -hw C:/Users/daksh18137/hw11/hw11.sdk/design_1_wrapper_hw_platform_0/system.hdf -mem-ranges [list {0x40000000 0xbfffffff}]
configparams force-mem-access 1
targets -set -nocase -filter {name =~"APU*" && jtag_cable_name =~ "Digilent Zybo Z7 210351A78190A"} -index 0
stop
ps7_init
ps7_post_config
targets -set -nocase -filter {name =~ "ARM*#0" && jtag_cable_name =~ "Digilent Zybo Z7 210351A78190A"} -index 0
rst -processor
targets -set -nocase -filter {name =~ "ARM*#0" && jtag_cable_name =~ "Digilent Zybo Z7 210351A78190A"} -index 0
dow C:/Users/daksh18137/hw11/hw11.sdk/randi/Debug/randi.elf
configparams force-mem-access 0
----------------End of Script----------------

21:46:15 INFO  : Memory regions updated for context APU
21:46:15 INFO  : Context for processor 'ps7_cortexa9_0' is selected.
21:46:15 INFO  : 'con' command is executed.
21:46:15 INFO  : ----------------XSDB Script (After Launch)----------------
targets -set -nocase -filter {name =~ "ARM*#0" && jtag_cable_name =~ "Digilent Zybo Z7 210351A78190A"} -index 0
con
----------------End of Script----------------

21:46:15 INFO  : Launch script is exported to file 'C:\Users\daksh18137\hw11\hw11.sdk\.sdk\launch_scripts\xilinx_c-c++_application_(system_debugger)\system_debugger_using_debug_randi.elf_on_local.tcl'
21:47:20 INFO  : Disconnected from the channel tcfchan#5.
21:47:21 INFO  : 'targets -set -filter {jtag_cable_name =~ "Digilent Zybo Z7 210351A78190A" && level==0} -index 1' command is executed.
21:47:21 INFO  : 'fpga -state' command is executed.
21:47:21 INFO  : Connected to target on host '127.0.0.1' and port '3121'.
21:47:21 INFO  : Jtag cable 'Digilent Zybo Z7 210351A78190A' is selected.
21:47:21 INFO  : 'jtag frequency' command is executed.
21:47:21 INFO  : Sourcing of 'C:/Users/daksh18137/hw11/hw11.sdk/design_1_wrapper_hw_platform_0/ps7_init.tcl' is done.
21:47:21 INFO  : Context for 'APU' is selected.
21:47:23 INFO  : Hardware design information is loaded from 'C:/Users/daksh18137/hw11/hw11.sdk/design_1_wrapper_hw_platform_0/system.hdf'.
21:47:23 INFO  : 'configparams force-mem-access 1' command is executed.
21:47:23 INFO  : Context for 'APU' is selected.
21:47:24 INFO  : 'stop' command is executed.
21:47:24 INFO  : 'ps7_init' command is executed.
21:47:24 INFO  : 'ps7_post_config' command is executed.
21:47:24 INFO  : Context for processor 'ps7_cortexa9_0' is selected.
21:47:24 INFO  : Processor reset is completed for 'ps7_cortexa9_0'.
21:47:24 INFO  : Context for processor 'ps7_cortexa9_0' is selected.
21:47:24 INFO  : The application 'C:/Users/daksh18137/hw11/hw11.sdk/randi/Debug/randi.elf' is downloaded to processor 'ps7_cortexa9_0'.
21:47:24 INFO  : 'configparams force-mem-access 0' command is executed.
21:47:24 INFO  : ----------------XSDB Script----------------
connect -url tcp:127.0.0.1:3121
source C:/Users/daksh18137/hw11/hw11.sdk/design_1_wrapper_hw_platform_0/ps7_init.tcl
targets -set -nocase -filter {name =~"APU*" && jtag_cable_name =~ "Digilent Zybo Z7 210351A78190A"} -index 0
loadhw -hw C:/Users/daksh18137/hw11/hw11.sdk/design_1_wrapper_hw_platform_0/system.hdf -mem-ranges [list {0x40000000 0xbfffffff}]
configparams force-mem-access 1
targets -set -nocase -filter {name =~"APU*" && jtag_cable_name =~ "Digilent Zybo Z7 210351A78190A"} -index 0
stop
ps7_init
ps7_post_config
targets -set -nocase -filter {name =~ "ARM*#0" && jtag_cable_name =~ "Digilent Zybo Z7 210351A78190A"} -index 0
rst -processor
targets -set -nocase -filter {name =~ "ARM*#0" && jtag_cable_name =~ "Digilent Zybo Z7 210351A78190A"} -index 0
dow C:/Users/daksh18137/hw11/hw11.sdk/randi/Debug/randi.elf
configparams force-mem-access 0
----------------End of Script----------------

21:47:24 INFO  : Memory regions updated for context APU
21:47:24 INFO  : Context for processor 'ps7_cortexa9_0' is selected.
21:47:24 INFO  : 'con' command is executed.
21:47:24 INFO  : ----------------XSDB Script (After Launch)----------------
targets -set -nocase -filter {name =~ "ARM*#0" && jtag_cable_name =~ "Digilent Zybo Z7 210351A78190A"} -index 0
con
----------------End of Script----------------

21:47:24 INFO  : Launch script is exported to file 'C:\Users\daksh18137\hw11\hw11.sdk\.sdk\launch_scripts\xilinx_c-c++_application_(system_debugger)\system_debugger_using_debug_randi.elf_on_local.tcl'
21:49:58 INFO  : Disconnected from the channel tcfchan#6.
21:49:59 INFO  : 'targets -set -filter {jtag_cable_name =~ "Digilent Zybo Z7 210351A78190A" && level==0} -index 1' command is executed.
21:49:59 INFO  : 'fpga -state' command is executed.
21:49:59 INFO  : Connected to target on host '127.0.0.1' and port '3121'.
21:49:59 INFO  : Jtag cable 'Digilent Zybo Z7 210351A78190A' is selected.
21:49:59 INFO  : 'jtag frequency' command is executed.
21:49:59 INFO  : Sourcing of 'C:/Users/daksh18137/hw11/hw11.sdk/design_1_wrapper_hw_platform_0/ps7_init.tcl' is done.
21:49:59 INFO  : Context for 'APU' is selected.
21:50:01 INFO  : Hardware design information is loaded from 'C:/Users/daksh18137/hw11/hw11.sdk/design_1_wrapper_hw_platform_0/system.hdf'.
21:50:01 INFO  : 'configparams force-mem-access 1' command is executed.
21:50:01 INFO  : Context for 'APU' is selected.
21:50:01 INFO  : 'stop' command is executed.
21:50:01 INFO  : 'ps7_init' command is executed.
21:50:01 INFO  : 'ps7_post_config' command is executed.
21:50:01 INFO  : Context for processor 'ps7_cortexa9_0' is selected.
21:50:01 INFO  : Processor reset is completed for 'ps7_cortexa9_0'.
21:50:01 INFO  : Context for processor 'ps7_cortexa9_0' is selected.
21:50:01 INFO  : The application 'C:/Users/daksh18137/hw11/hw11.sdk/randi/Debug/randi.elf' is downloaded to processor 'ps7_cortexa9_0'.
21:50:01 INFO  : 'configparams force-mem-access 0' command is executed.
21:50:01 INFO  : ----------------XSDB Script----------------
connect -url tcp:127.0.0.1:3121
source C:/Users/daksh18137/hw11/hw11.sdk/design_1_wrapper_hw_platform_0/ps7_init.tcl
targets -set -nocase -filter {name =~"APU*" && jtag_cable_name =~ "Digilent Zybo Z7 210351A78190A"} -index 0
loadhw -hw C:/Users/daksh18137/hw11/hw11.sdk/design_1_wrapper_hw_platform_0/system.hdf -mem-ranges [list {0x40000000 0xbfffffff}]
configparams force-mem-access 1
targets -set -nocase -filter {name =~"APU*" && jtag_cable_name =~ "Digilent Zybo Z7 210351A78190A"} -index 0
stop
ps7_init
ps7_post_config
targets -set -nocase -filter {name =~ "ARM*#0" && jtag_cable_name =~ "Digilent Zybo Z7 210351A78190A"} -index 0
rst -processor
targets -set -nocase -filter {name =~ "ARM*#0" && jtag_cable_name =~ "Digilent Zybo Z7 210351A78190A"} -index 0
dow C:/Users/daksh18137/hw11/hw11.sdk/randi/Debug/randi.elf
configparams force-mem-access 0
----------------End of Script----------------

21:50:02 INFO  : Memory regions updated for context APU
21:50:02 INFO  : Context for processor 'ps7_cortexa9_0' is selected.
21:50:02 INFO  : 'con' command is executed.
21:50:02 INFO  : ----------------XSDB Script (After Launch)----------------
targets -set -nocase -filter {name =~ "ARM*#0" && jtag_cable_name =~ "Digilent Zybo Z7 210351A78190A"} -index 0
con
----------------End of Script----------------

21:50:02 INFO  : Launch script is exported to file 'C:\Users\daksh18137\hw11\hw11.sdk\.sdk\launch_scripts\xilinx_c-c++_application_(system_debugger)\system_debugger_using_debug_randi.elf_on_local.tcl'
21:52:56 INFO  : Disconnected from the channel tcfchan#7.
21:52:57 INFO  : 'targets -set -filter {jtag_cable_name =~ "Digilent Zybo Z7 210351A78190A" && level==0} -index 1' command is executed.
21:52:57 INFO  : 'fpga -state' command is executed.
21:52:57 INFO  : Connected to target on host '127.0.0.1' and port '3121'.
21:52:57 INFO  : Jtag cable 'Digilent Zybo Z7 210351A78190A' is selected.
21:52:57 INFO  : 'jtag frequency' command is executed.
21:52:57 INFO  : Sourcing of 'C:/Users/daksh18137/hw11/hw11.sdk/design_1_wrapper_hw_platform_0/ps7_init.tcl' is done.
21:52:57 INFO  : Context for 'APU' is selected.
21:53:00 INFO  : Hardware design information is loaded from 'C:/Users/daksh18137/hw11/hw11.sdk/design_1_wrapper_hw_platform_0/system.hdf'.
21:53:00 INFO  : 'configparams force-mem-access 1' command is executed.
21:53:00 INFO  : Context for 'APU' is selected.
21:53:00 INFO  : 'stop' command is executed.
21:53:00 INFO  : 'ps7_init' command is executed.
21:53:00 INFO  : 'ps7_post_config' command is executed.
21:53:00 INFO  : Context for processor 'ps7_cortexa9_0' is selected.
21:53:00 INFO  : Processor reset is completed for 'ps7_cortexa9_0'.
21:53:00 INFO  : Context for processor 'ps7_cortexa9_0' is selected.
21:53:00 INFO  : The application 'C:/Users/daksh18137/hw11/hw11.sdk/randi/Debug/randi.elf' is downloaded to processor 'ps7_cortexa9_0'.
21:53:00 INFO  : 'configparams force-mem-access 0' command is executed.
21:53:00 INFO  : ----------------XSDB Script----------------
connect -url tcp:127.0.0.1:3121
source C:/Users/daksh18137/hw11/hw11.sdk/design_1_wrapper_hw_platform_0/ps7_init.tcl
targets -set -nocase -filter {name =~"APU*" && jtag_cable_name =~ "Digilent Zybo Z7 210351A78190A"} -index 0
loadhw -hw C:/Users/daksh18137/hw11/hw11.sdk/design_1_wrapper_hw_platform_0/system.hdf -mem-ranges [list {0x40000000 0xbfffffff}]
configparams force-mem-access 1
targets -set -nocase -filter {name =~"APU*" && jtag_cable_name =~ "Digilent Zybo Z7 210351A78190A"} -index 0
stop
ps7_init
ps7_post_config
targets -set -nocase -filter {name =~ "ARM*#0" && jtag_cable_name =~ "Digilent Zybo Z7 210351A78190A"} -index 0
rst -processor
targets -set -nocase -filter {name =~ "ARM*#0" && jtag_cable_name =~ "Digilent Zybo Z7 210351A78190A"} -index 0
dow C:/Users/daksh18137/hw11/hw11.sdk/randi/Debug/randi.elf
configparams force-mem-access 0
----------------End of Script----------------

21:53:01 INFO  : Memory regions updated for context APU
21:53:01 INFO  : Context for processor 'ps7_cortexa9_0' is selected.
21:53:01 INFO  : 'con' command is executed.
21:53:01 INFO  : ----------------XSDB Script (After Launch)----------------
targets -set -nocase -filter {name =~ "ARM*#0" && jtag_cable_name =~ "Digilent Zybo Z7 210351A78190A"} -index 0
con
----------------End of Script----------------

21:53:01 INFO  : Launch script is exported to file 'C:\Users\daksh18137\hw11\hw11.sdk\.sdk\launch_scripts\xilinx_c-c++_application_(system_debugger)\system_debugger_using_debug_randi.elf_on_local.tcl'
21:54:03 INFO  : Disconnected from the channel tcfchan#8.
21:54:04 INFO  : 'targets -set -filter {jtag_cable_name =~ "Digilent Zybo Z7 210351A78190A" && level==0} -index 1' command is executed.
21:54:04 INFO  : 'fpga -state' command is executed.
21:54:04 INFO  : Connected to target on host '127.0.0.1' and port '3121'.
21:54:04 INFO  : Jtag cable 'Digilent Zybo Z7 210351A78190A' is selected.
21:54:04 INFO  : 'jtag frequency' command is executed.
21:54:04 INFO  : Sourcing of 'C:/Users/daksh18137/hw11/hw11.sdk/design_1_wrapper_hw_platform_0/ps7_init.tcl' is done.
21:54:04 INFO  : Context for 'APU' is selected.
21:54:06 INFO  : Hardware design information is loaded from 'C:/Users/daksh18137/hw11/hw11.sdk/design_1_wrapper_hw_platform_0/system.hdf'.
21:54:06 INFO  : 'configparams force-mem-access 1' command is executed.
21:54:06 INFO  : Context for 'APU' is selected.
21:54:06 INFO  : 'stop' command is executed.
21:54:06 INFO  : 'ps7_init' command is executed.
21:54:06 INFO  : 'ps7_post_config' command is executed.
21:54:06 INFO  : Context for processor 'ps7_cortexa9_0' is selected.
21:54:07 INFO  : Processor reset is completed for 'ps7_cortexa9_0'.
21:54:07 INFO  : Context for processor 'ps7_cortexa9_0' is selected.
21:54:07 INFO  : The application 'C:/Users/daksh18137/hw11/hw11.sdk/randi/Debug/randi.elf' is downloaded to processor 'ps7_cortexa9_0'.
21:54:07 INFO  : 'configparams force-mem-access 0' command is executed.
21:54:07 INFO  : ----------------XSDB Script----------------
connect -url tcp:127.0.0.1:3121
source C:/Users/daksh18137/hw11/hw11.sdk/design_1_wrapper_hw_platform_0/ps7_init.tcl
targets -set -nocase -filter {name =~"APU*" && jtag_cable_name =~ "Digilent Zybo Z7 210351A78190A"} -index 0
loadhw -hw C:/Users/daksh18137/hw11/hw11.sdk/design_1_wrapper_hw_platform_0/system.hdf -mem-ranges [list {0x40000000 0xbfffffff}]
configparams force-mem-access 1
targets -set -nocase -filter {name =~"APU*" && jtag_cable_name =~ "Digilent Zybo Z7 210351A78190A"} -index 0
stop
ps7_init
ps7_post_config
targets -set -nocase -filter {name =~ "ARM*#0" && jtag_cable_name =~ "Digilent Zybo Z7 210351A78190A"} -index 0
rst -processor
targets -set -nocase -filter {name =~ "ARM*#0" && jtag_cable_name =~ "Digilent Zybo Z7 210351A78190A"} -index 0
dow C:/Users/daksh18137/hw11/hw11.sdk/randi/Debug/randi.elf
configparams force-mem-access 0
----------------End of Script----------------

21:54:07 INFO  : Memory regions updated for context APU
21:54:07 INFO  : Context for processor 'ps7_cortexa9_0' is selected.
21:54:07 INFO  : 'con' command is executed.
21:54:07 INFO  : ----------------XSDB Script (After Launch)----------------
targets -set -nocase -filter {name =~ "ARM*#0" && jtag_cable_name =~ "Digilent Zybo Z7 210351A78190A"} -index 0
con
----------------End of Script----------------

21:54:07 INFO  : Launch script is exported to file 'C:\Users\daksh18137\hw11\hw11.sdk\.sdk\launch_scripts\xilinx_c-c++_application_(system_debugger)\system_debugger_using_debug_randi.elf_on_local.tcl'
22:22:25 INFO  : Connected to target on host '127.0.0.1' and port '3121'.
22:22:25 INFO  : 'targets -set -filter {jtag_cable_name =~ "Digilent Zybo Z7 210351A78190A" && level==0} -index 1' command is executed.
22:22:27 INFO  : FPGA configured successfully with bitstream "C:/Users/daksh18137/hw11/hw11.sdk/design_1_wrapper_hw_platform_0/design_1_wrapper.bit"
22:22:31 INFO  : Disconnected from the channel tcfchan#9.
22:22:32 INFO  : 'targets -set -filter {jtag_cable_name =~ "Digilent Zybo Z7 210351A78190A" && level==0} -index 1' command is executed.
22:22:32 INFO  : 'fpga -state' command is executed.
22:22:32 INFO  : Connected to target on host '127.0.0.1' and port '3121'.
22:22:33 INFO  : Jtag cable 'Digilent Zybo Z7 210351A78190A' is selected.
22:22:33 INFO  : 'jtag frequency' command is executed.
22:22:33 INFO  : Sourcing of 'C:/Users/daksh18137/hw11/hw11.sdk/design_1_wrapper_hw_platform_0/ps7_init.tcl' is done.
22:22:33 INFO  : Context for 'APU' is selected.
22:22:35 INFO  : Hardware design information is loaded from 'C:/Users/daksh18137/hw11/hw11.sdk/design_1_wrapper_hw_platform_0/system.hdf'.
22:22:35 INFO  : 'configparams force-mem-access 1' command is executed.
22:22:35 INFO  : Context for 'APU' is selected.
22:22:35 INFO  : 'stop' command is executed.
22:22:36 INFO  : 'ps7_init' command is executed.
22:22:36 INFO  : 'ps7_post_config' command is executed.
22:22:36 INFO  : Context for processor 'ps7_cortexa9_0' is selected.
22:22:36 INFO  : Processor reset is completed for 'ps7_cortexa9_0'.
22:22:36 INFO  : Context for processor 'ps7_cortexa9_0' is selected.
22:22:39 ERROR : Memory write error at 0x100000. AP transaction timeout
22:22:39 INFO  : ----------------XSDB Script----------------
connect -url tcp:127.0.0.1:3121
source C:/Users/daksh18137/hw11/hw11.sdk/design_1_wrapper_hw_platform_0/ps7_init.tcl
targets -set -nocase -filter {name =~"APU*" && jtag_cable_name =~ "Digilent Zybo Z7 210351A78190A"} -index 0
loadhw -hw C:/Users/daksh18137/hw11/hw11.sdk/design_1_wrapper_hw_platform_0/system.hdf -mem-ranges [list {0x40000000 0xbfffffff}]
configparams force-mem-access 1
targets -set -nocase -filter {name =~"APU*" && jtag_cable_name =~ "Digilent Zybo Z7 210351A78190A"} -index 0
stop
ps7_init
ps7_post_config
targets -set -nocase -filter {name =~ "ARM*#0" && jtag_cable_name =~ "Digilent Zybo Z7 210351A78190A"} -index 0
rst -processor
targets -set -nocase -filter {name =~ "ARM*#0" && jtag_cable_name =~ "Digilent Zybo Z7 210351A78190A"} -index 0
dow C:/Users/daksh18137/hw11/hw11.sdk/randi/Debug/randi.elf
----------------End of Script----------------

22:22:57 INFO  : 'targets -set -filter {jtag_cable_name =~ "Digilent Zybo Z7 210351A78190A" && level==0} -index 1' command is executed.
22:22:57 INFO  : 'fpga -state' command is executed.
22:22:57 INFO  : Connected to target on host '127.0.0.1' and port '3121'.
22:22:58 INFO  : Jtag cable 'Digilent Zybo Z7 210351A78190A' is selected.
22:22:58 INFO  : 'jtag frequency' command is executed.
22:22:58 INFO  : Sourcing of 'C:/Users/daksh18137/hw11/hw11.sdk/design_1_wrapper_hw_platform_0/ps7_init.tcl' is done.
22:22:58 INFO  : Context for 'APU' is selected.
22:22:58 INFO  : Hardware design information is loaded from 'C:/Users/daksh18137/hw11/hw11.sdk/design_1_wrapper_hw_platform_0/system.hdf'.
22:22:58 INFO  : 'configparams force-mem-access 1' command is executed.
22:22:58 INFO  : Context for 'APU' is selected.
22:22:58 INFO  : 'stop' command is executed.
22:22:58 ERROR : AP transaction error, DAP status f0000021
22:22:58 INFO  : ----------------XSDB Script----------------
connect -url tcp:127.0.0.1:3121
source C:/Users/daksh18137/hw11/hw11.sdk/design_1_wrapper_hw_platform_0/ps7_init.tcl
targets -set -nocase -filter {name =~"APU*" && jtag_cable_name =~ "Digilent Zybo Z7 210351A78190A"} -index 0
loadhw -hw C:/Users/daksh18137/hw11/hw11.sdk/design_1_wrapper_hw_platform_0/system.hdf -mem-ranges [list {0x40000000 0xbfffffff}]
configparams force-mem-access 1
targets -set -nocase -filter {name =~"APU*" && jtag_cable_name =~ "Digilent Zybo Z7 210351A78190A"} -index 0
stop
ps7_init
----------------End of Script----------------

22:23:10 INFO  : Connected to target on host '127.0.0.1' and port '3121'.
22:23:10 INFO  : 'targets -set -filter {jtag_cable_name =~ "Digilent Zybo Z7 210351A78190A" && level==0} -index 1' command is executed.
22:23:12 ERROR : fpga configuration failed. DONE PIN is not HIGH
22:23:57 INFO  : Connected to target on host '127.0.0.1' and port '3121'.
22:23:57 INFO  : 'targets -set -filter {jtag_cable_name =~ "Digilent Zybo Z7 210351A78190A" && level==0} -index 1' command is executed.
22:23:58 INFO  : FPGA configured successfully with bitstream "C:/Users/daksh18137/hw11/hw11.sdk/design_1_wrapper_hw_platform_0/design_1_wrapper.bit"
22:24:02 INFO  : 'targets -set -filter {jtag_cable_name =~ "Digilent Zybo Z7 210351A78190A" && level==0} -index 1' command is executed.
22:24:03 INFO  : 'fpga -state' command is executed.
22:24:03 INFO  : Connected to target on host '127.0.0.1' and port '3121'.
22:24:03 INFO  : Jtag cable 'Digilent Zybo Z7 210351A78190A' is selected.
22:24:03 INFO  : 'jtag frequency' command is executed.
22:24:03 INFO  : Sourcing of 'C:/Users/daksh18137/hw11/hw11.sdk/design_1_wrapper_hw_platform_0/ps7_init.tcl' is done.
22:24:03 INFO  : Context for 'APU' is selected.
22:24:03 INFO  : Hardware design information is loaded from 'C:/Users/daksh18137/hw11/hw11.sdk/design_1_wrapper_hw_platform_0/system.hdf'.
22:24:03 INFO  : 'configparams force-mem-access 1' command is executed.
22:24:03 INFO  : Context for 'APU' is selected.
22:24:03 INFO  : 'stop' command is executed.
22:24:03 INFO  : 'ps7_init' command is executed.
22:24:03 INFO  : 'ps7_post_config' command is executed.
22:24:03 INFO  : Context for processor 'ps7_cortexa9_0' is selected.
22:24:03 INFO  : Processor reset is completed for 'ps7_cortexa9_0'.
22:24:03 INFO  : Context for processor 'ps7_cortexa9_0' is selected.
22:24:04 INFO  : The application 'C:/Users/daksh18137/hw11/hw11.sdk/randi/Debug/randi.elf' is downloaded to processor 'ps7_cortexa9_0'.
22:24:04 INFO  : 'configparams force-mem-access 0' command is executed.
22:24:04 INFO  : ----------------XSDB Script----------------
connect -url tcp:127.0.0.1:3121
source C:/Users/daksh18137/hw11/hw11.sdk/design_1_wrapper_hw_platform_0/ps7_init.tcl
targets -set -nocase -filter {name =~"APU*" && jtag_cable_name =~ "Digilent Zybo Z7 210351A78190A"} -index 0
loadhw -hw C:/Users/daksh18137/hw11/hw11.sdk/design_1_wrapper_hw_platform_0/system.hdf -mem-ranges [list {0x40000000 0xbfffffff}]
configparams force-mem-access 1
targets -set -nocase -filter {name =~"APU*" && jtag_cable_name =~ "Digilent Zybo Z7 210351A78190A"} -index 0
stop
ps7_init
ps7_post_config
targets -set -nocase -filter {name =~ "ARM*#0" && jtag_cable_name =~ "Digilent Zybo Z7 210351A78190A"} -index 0
rst -processor
targets -set -nocase -filter {name =~ "ARM*#0" && jtag_cable_name =~ "Digilent Zybo Z7 210351A78190A"} -index 0
dow C:/Users/daksh18137/hw11/hw11.sdk/randi/Debug/randi.elf
configparams force-mem-access 0
----------------End of Script----------------

22:24:04 INFO  : Memory regions updated for context APU
22:24:04 INFO  : Context for processor 'ps7_cortexa9_0' is selected.
22:24:04 INFO  : 'con' command is executed.
22:24:04 INFO  : ----------------XSDB Script (After Launch)----------------
targets -set -nocase -filter {name =~ "ARM*#0" && jtag_cable_name =~ "Digilent Zybo Z7 210351A78190A"} -index 0
con
----------------End of Script----------------

22:24:04 INFO  : Launch script is exported to file 'C:\Users\daksh18137\hw11\hw11.sdk\.sdk\launch_scripts\xilinx_c-c++_application_(system_debugger)\system_debugger_using_debug_randi.elf_on_local.tcl'
22:24:38 INFO  : Connected to target on host '127.0.0.1' and port '3121'.
22:24:38 INFO  : 'targets -set -filter {jtag_cable_name =~ "Digilent Zybo Z7 210351A78190A" && level==0} -index 1' command is executed.
22:24:39 INFO  : FPGA configured successfully with bitstream "C:/Users/daksh18137/hw11/hw11.sdk/design_1_wrapper_hw_platform_0/design_1_wrapper.bit"
22:24:44 INFO  : Disconnected from the channel tcfchan#10.
22:24:45 INFO  : 'targets -set -filter {jtag_cable_name =~ "Digilent Zybo Z7 210351A78190A" && level==0} -index 1' command is executed.
22:24:45 INFO  : 'fpga -state' command is executed.
22:24:45 INFO  : Connected to target on host '127.0.0.1' and port '3121'.
22:24:45 INFO  : Jtag cable 'Digilent Zybo Z7 210351A78190A' is selected.
22:24:45 INFO  : 'jtag frequency' command is executed.
22:24:45 INFO  : Sourcing of 'C:/Users/daksh18137/hw11/hw11.sdk/design_1_wrapper_hw_platform_0/ps7_init.tcl' is done.
22:24:45 INFO  : Context for 'APU' is selected.
22:24:47 INFO  : Hardware design information is loaded from 'C:/Users/daksh18137/hw11/hw11.sdk/design_1_wrapper_hw_platform_0/system.hdf'.
22:24:47 INFO  : 'configparams force-mem-access 1' command is executed.
22:24:47 INFO  : Context for 'APU' is selected.
22:24:47 INFO  : 'stop' command is executed.
22:24:48 INFO  : 'ps7_init' command is executed.
22:24:48 INFO  : 'ps7_post_config' command is executed.
22:24:48 INFO  : Context for processor 'ps7_cortexa9_0' is selected.
22:24:48 INFO  : Processor reset is completed for 'ps7_cortexa9_0'.
22:24:48 INFO  : Context for processor 'ps7_cortexa9_0' is selected.
22:24:48 INFO  : The application 'C:/Users/daksh18137/hw11/hw11.sdk/randi/Debug/randi.elf' is downloaded to processor 'ps7_cortexa9_0'.
22:24:48 INFO  : 'configparams force-mem-access 0' command is executed.
22:24:48 INFO  : ----------------XSDB Script----------------
connect -url tcp:127.0.0.1:3121
source C:/Users/daksh18137/hw11/hw11.sdk/design_1_wrapper_hw_platform_0/ps7_init.tcl
targets -set -nocase -filter {name =~"APU*" && jtag_cable_name =~ "Digilent Zybo Z7 210351A78190A"} -index 0
loadhw -hw C:/Users/daksh18137/hw11/hw11.sdk/design_1_wrapper_hw_platform_0/system.hdf -mem-ranges [list {0x40000000 0xbfffffff}]
configparams force-mem-access 1
targets -set -nocase -filter {name =~"APU*" && jtag_cable_name =~ "Digilent Zybo Z7 210351A78190A"} -index 0
stop
ps7_init
ps7_post_config
targets -set -nocase -filter {name =~ "ARM*#0" && jtag_cable_name =~ "Digilent Zybo Z7 210351A78190A"} -index 0
rst -processor
targets -set -nocase -filter {name =~ "ARM*#0" && jtag_cable_name =~ "Digilent Zybo Z7 210351A78190A"} -index 0
dow C:/Users/daksh18137/hw11/hw11.sdk/randi/Debug/randi.elf
configparams force-mem-access 0
----------------End of Script----------------

22:24:48 INFO  : Memory regions updated for context APU
22:24:48 INFO  : Context for processor 'ps7_cortexa9_0' is selected.
22:24:48 INFO  : 'con' command is executed.
22:24:48 INFO  : ----------------XSDB Script (After Launch)----------------
targets -set -nocase -filter {name =~ "ARM*#0" && jtag_cable_name =~ "Digilent Zybo Z7 210351A78190A"} -index 0
con
----------------End of Script----------------

22:24:48 INFO  : Launch script is exported to file 'C:\Users\daksh18137\hw11\hw11.sdk\.sdk\launch_scripts\xilinx_c-c++_application_(system_debugger)\system_debugger_using_debug_randi.elf_on_local.tcl'
22:25:29 INFO  : Connected to target on host '127.0.0.1' and port '3121'.
22:25:29 INFO  : 'targets -set -filter {jtag_cable_name =~ "Digilent Zybo Z7 210351A78190A" && level==0} -index 1' command is executed.
22:25:30 INFO  : FPGA configured successfully with bitstream "C:/Users/daksh18137/hw11/hw11.sdk/design_1_wrapper_hw_platform_0/design_1_wrapper.bit"
22:25:39 INFO  : Disconnected from the channel tcfchan#11.
22:25:40 INFO  : 'targets -set -filter {jtag_cable_name =~ "Digilent Zybo Z7 210351A78190A" && level==0} -index 1' command is executed.
22:25:40 INFO  : 'fpga -state' command is executed.
22:25:40 INFO  : Connected to target on host '127.0.0.1' and port '3121'.
22:25:40 INFO  : Jtag cable 'Digilent Zybo Z7 210351A78190A' is selected.
22:25:40 INFO  : 'jtag frequency' command is executed.
22:25:40 INFO  : Sourcing of 'C:/Users/daksh18137/hw11/hw11.sdk/design_1_wrapper_hw_platform_0/ps7_init.tcl' is done.
22:25:40 INFO  : Context for 'APU' is selected.
22:25:42 INFO  : Hardware design information is loaded from 'C:/Users/daksh18137/hw11/hw11.sdk/design_1_wrapper_hw_platform_0/system.hdf'.
22:25:42 INFO  : 'configparams force-mem-access 1' command is executed.
22:25:42 INFO  : Context for 'APU' is selected.
22:25:42 INFO  : 'stop' command is executed.
22:25:42 INFO  : 'ps7_init' command is executed.
22:25:42 INFO  : 'ps7_post_config' command is executed.
22:25:42 INFO  : Context for processor 'ps7_cortexa9_0' is selected.
22:25:42 INFO  : Processor reset is completed for 'ps7_cortexa9_0'.
22:25:42 INFO  : Context for processor 'ps7_cortexa9_0' is selected.
22:25:42 INFO  : The application 'C:/Users/daksh18137/hw11/hw11.sdk/randi/Debug/randi.elf' is downloaded to processor 'ps7_cortexa9_0'.
22:25:42 INFO  : 'configparams force-mem-access 0' command is executed.
22:25:42 INFO  : ----------------XSDB Script----------------
connect -url tcp:127.0.0.1:3121
source C:/Users/daksh18137/hw11/hw11.sdk/design_1_wrapper_hw_platform_0/ps7_init.tcl
targets -set -nocase -filter {name =~"APU*" && jtag_cable_name =~ "Digilent Zybo Z7 210351A78190A"} -index 0
loadhw -hw C:/Users/daksh18137/hw11/hw11.sdk/design_1_wrapper_hw_platform_0/system.hdf -mem-ranges [list {0x40000000 0xbfffffff}]
configparams force-mem-access 1
targets -set -nocase -filter {name =~"APU*" && jtag_cable_name =~ "Digilent Zybo Z7 210351A78190A"} -index 0
stop
ps7_init
ps7_post_config
targets -set -nocase -filter {name =~ "ARM*#0" && jtag_cable_name =~ "Digilent Zybo Z7 210351A78190A"} -index 0
rst -processor
targets -set -nocase -filter {name =~ "ARM*#0" && jtag_cable_name =~ "Digilent Zybo Z7 210351A78190A"} -index 0
dow C:/Users/daksh18137/hw11/hw11.sdk/randi/Debug/randi.elf
configparams force-mem-access 0
----------------End of Script----------------

22:25:42 INFO  : Memory regions updated for context APU
22:25:43 INFO  : Context for processor 'ps7_cortexa9_0' is selected.
22:25:43 INFO  : 'con' command is executed.
22:25:43 INFO  : ----------------XSDB Script (After Launch)----------------
targets -set -nocase -filter {name =~ "ARM*#0" && jtag_cable_name =~ "Digilent Zybo Z7 210351A78190A"} -index 0
con
----------------End of Script----------------

22:25:43 INFO  : Launch script is exported to file 'C:\Users\daksh18137\hw11\hw11.sdk\.sdk\launch_scripts\xilinx_c-c++_application_(system_debugger)\system_debugger_using_debug_randi.elf_on_local.tcl'
22:26:26 INFO  : Connected to target on host '127.0.0.1' and port '3121'.
22:26:26 INFO  : 'targets -set -filter {jtag_cable_name =~ "Digilent Zybo Z7 210351A78190A" && level==0} -index 1' command is executed.
22:26:28 INFO  : FPGA configured successfully with bitstream "C:/Users/daksh18137/hw11/hw11.sdk/design_1_wrapper_hw_platform_0/design_1_wrapper.bit"
22:26:33 INFO  : Disconnected from the channel tcfchan#12.
22:26:34 INFO  : 'targets -set -filter {jtag_cable_name =~ "Digilent Zybo Z7 210351A78190A" && level==0} -index 1' command is executed.
22:26:34 INFO  : 'fpga -state' command is executed.
22:26:34 INFO  : Connected to target on host '127.0.0.1' and port '3121'.
22:26:35 INFO  : Jtag cable 'Digilent Zybo Z7 210351A78190A' is selected.
22:26:35 INFO  : 'jtag frequency' command is executed.
22:26:35 INFO  : Sourcing of 'C:/Users/daksh18137/hw11/hw11.sdk/design_1_wrapper_hw_platform_0/ps7_init.tcl' is done.
22:26:35 INFO  : Context for 'APU' is selected.
22:26:37 INFO  : Hardware design information is loaded from 'C:/Users/daksh18137/hw11/hw11.sdk/design_1_wrapper_hw_platform_0/system.hdf'.
22:26:37 INFO  : 'configparams force-mem-access 1' command is executed.
22:26:37 INFO  : Context for 'APU' is selected.
22:26:37 INFO  : 'stop' command is executed.
22:26:37 INFO  : 'ps7_init' command is executed.
22:26:37 INFO  : 'ps7_post_config' command is executed.
22:26:38 INFO  : Context for processor 'ps7_cortexa9_0' is selected.
22:26:38 INFO  : Processor reset is completed for 'ps7_cortexa9_0'.
22:26:38 INFO  : Context for processor 'ps7_cortexa9_0' is selected.
22:26:38 INFO  : The application 'C:/Users/daksh18137/hw11/hw11.sdk/randi/Debug/randi.elf' is downloaded to processor 'ps7_cortexa9_0'.
22:26:38 INFO  : 'configparams force-mem-access 0' command is executed.
22:26:38 INFO  : ----------------XSDB Script----------------
connect -url tcp:127.0.0.1:3121
source C:/Users/daksh18137/hw11/hw11.sdk/design_1_wrapper_hw_platform_0/ps7_init.tcl
targets -set -nocase -filter {name =~"APU*" && jtag_cable_name =~ "Digilent Zybo Z7 210351A78190A"} -index 0
loadhw -hw C:/Users/daksh18137/hw11/hw11.sdk/design_1_wrapper_hw_platform_0/system.hdf -mem-ranges [list {0x40000000 0xbfffffff}]
configparams force-mem-access 1
targets -set -nocase -filter {name =~"APU*" && jtag_cable_name =~ "Digilent Zybo Z7 210351A78190A"} -index 0
stop
ps7_init
ps7_post_config
targets -set -nocase -filter {name =~ "ARM*#0" && jtag_cable_name =~ "Digilent Zybo Z7 210351A78190A"} -index 0
rst -processor
targets -set -nocase -filter {name =~ "ARM*#0" && jtag_cable_name =~ "Digilent Zybo Z7 210351A78190A"} -index 0
dow C:/Users/daksh18137/hw11/hw11.sdk/randi/Debug/randi.elf
configparams force-mem-access 0
----------------End of Script----------------

22:26:38 INFO  : Memory regions updated for context APU
22:26:38 INFO  : Context for processor 'ps7_cortexa9_0' is selected.
22:26:38 INFO  : 'con' command is executed.
22:26:38 INFO  : ----------------XSDB Script (After Launch)----------------
targets -set -nocase -filter {name =~ "ARM*#0" && jtag_cable_name =~ "Digilent Zybo Z7 210351A78190A"} -index 0
con
----------------End of Script----------------

22:26:38 INFO  : Launch script is exported to file 'C:\Users\daksh18137\hw11\hw11.sdk\.sdk\launch_scripts\xilinx_c-c++_application_(system_debugger)\system_debugger_using_debug_randi.elf_on_local.tcl'
22:29:49 INFO  : Connected to target on host '127.0.0.1' and port '3121'.
22:29:50 INFO  : 'targets -set -filter {jtag_cable_name =~ "Digilent Zybo Z7 210351A78190A" && level==0} -index 1' command is executed.
22:29:51 INFO  : FPGA configured successfully with bitstream "C:/Users/daksh18137/hw11/hw11.sdk/design_1_wrapper_hw_platform_0/design_1_wrapper.bit"
22:29:56 INFO  : Disconnected from the channel tcfchan#13.
22:29:57 INFO  : 'targets -set -filter {jtag_cable_name =~ "Digilent Zybo Z7 210351A78190A" && level==0} -index 1' command is executed.
22:29:57 INFO  : 'fpga -state' command is executed.
22:29:57 INFO  : Connected to target on host '127.0.0.1' and port '3121'.
22:29:58 INFO  : Jtag cable 'Digilent Zybo Z7 210351A78190A' is selected.
22:29:58 INFO  : 'jtag frequency' command is executed.
22:29:58 INFO  : Sourcing of 'C:/Users/daksh18137/hw11/hw11.sdk/design_1_wrapper_hw_platform_0/ps7_init.tcl' is done.
22:29:58 INFO  : Context for 'APU' is selected.
22:30:00 INFO  : Hardware design information is loaded from 'C:/Users/daksh18137/hw11/hw11.sdk/design_1_wrapper_hw_platform_0/system.hdf'.
22:30:00 INFO  : 'configparams force-mem-access 1' command is executed.
22:30:00 INFO  : Context for 'APU' is selected.
22:30:00 INFO  : 'stop' command is executed.
22:30:00 INFO  : 'ps7_init' command is executed.
22:30:00 INFO  : 'ps7_post_config' command is executed.
22:30:00 INFO  : Context for processor 'ps7_cortexa9_0' is selected.
22:30:00 INFO  : Processor reset is completed for 'ps7_cortexa9_0'.
22:30:00 INFO  : Context for processor 'ps7_cortexa9_0' is selected.
22:30:00 INFO  : The application 'C:/Users/daksh18137/hw11/hw11.sdk/randi/Debug/randi.elf' is downloaded to processor 'ps7_cortexa9_0'.
22:30:00 INFO  : 'configparams force-mem-access 0' command is executed.
22:30:00 INFO  : ----------------XSDB Script----------------
connect -url tcp:127.0.0.1:3121
source C:/Users/daksh18137/hw11/hw11.sdk/design_1_wrapper_hw_platform_0/ps7_init.tcl
targets -set -nocase -filter {name =~"APU*" && jtag_cable_name =~ "Digilent Zybo Z7 210351A78190A"} -index 0
loadhw -hw C:/Users/daksh18137/hw11/hw11.sdk/design_1_wrapper_hw_platform_0/system.hdf -mem-ranges [list {0x40000000 0xbfffffff}]
configparams force-mem-access 1
targets -set -nocase -filter {name =~"APU*" && jtag_cable_name =~ "Digilent Zybo Z7 210351A78190A"} -index 0
stop
ps7_init
ps7_post_config
targets -set -nocase -filter {name =~ "ARM*#0" && jtag_cable_name =~ "Digilent Zybo Z7 210351A78190A"} -index 0
rst -processor
targets -set -nocase -filter {name =~ "ARM*#0" && jtag_cable_name =~ "Digilent Zybo Z7 210351A78190A"} -index 0
dow C:/Users/daksh18137/hw11/hw11.sdk/randi/Debug/randi.elf
configparams force-mem-access 0
----------------End of Script----------------

22:30:00 INFO  : Memory regions updated for context APU
22:30:01 INFO  : Context for processor 'ps7_cortexa9_0' is selected.
22:30:01 INFO  : 'con' command is executed.
22:30:01 INFO  : ----------------XSDB Script (After Launch)----------------
targets -set -nocase -filter {name =~ "ARM*#0" && jtag_cable_name =~ "Digilent Zybo Z7 210351A78190A"} -index 0
con
----------------End of Script----------------

22:30:01 INFO  : Launch script is exported to file 'C:\Users\daksh18137\hw11\hw11.sdk\.sdk\launch_scripts\xilinx_c-c++_application_(system_debugger)\system_debugger_using_debug_randi.elf_on_local.tcl'
22:32:39 INFO  : Connected to target on host '127.0.0.1' and port '3121'.
22:32:39 INFO  : 'targets -set -filter {jtag_cable_name =~ "Digilent Zybo Z7 210351A78190A" && level==0} -index 1' command is executed.
22:32:40 INFO  : FPGA configured successfully with bitstream "C:/Users/daksh18137/hw11/hw11.sdk/design_1_wrapper_hw_platform_0/design_1_wrapper.bit"
22:32:45 INFO  : Disconnected from the channel tcfchan#14.
22:32:46 INFO  : 'targets -set -filter {jtag_cable_name =~ "Digilent Zybo Z7 210351A78190A" && level==0} -index 1' command is executed.
22:32:46 INFO  : 'fpga -state' command is executed.
22:32:46 INFO  : Connected to target on host '127.0.0.1' and port '3121'.
22:32:46 INFO  : Jtag cable 'Digilent Zybo Z7 210351A78190A' is selected.
22:32:46 INFO  : 'jtag frequency' command is executed.
22:32:46 INFO  : Sourcing of 'C:/Users/daksh18137/hw11/hw11.sdk/design_1_wrapper_hw_platform_0/ps7_init.tcl' is done.
22:32:46 INFO  : Context for 'APU' is selected.
22:32:48 INFO  : Hardware design information is loaded from 'C:/Users/daksh18137/hw11/hw11.sdk/design_1_wrapper_hw_platform_0/system.hdf'.
22:32:48 INFO  : 'configparams force-mem-access 1' command is executed.
22:32:48 INFO  : Context for 'APU' is selected.
22:32:48 INFO  : 'stop' command is executed.
22:32:49 INFO  : 'ps7_init' command is executed.
22:32:49 INFO  : 'ps7_post_config' command is executed.
22:32:49 INFO  : Context for processor 'ps7_cortexa9_0' is selected.
22:32:49 INFO  : Processor reset is completed for 'ps7_cortexa9_0'.
22:32:49 INFO  : Context for processor 'ps7_cortexa9_0' is selected.
22:32:49 INFO  : The application 'C:/Users/daksh18137/hw11/hw11.sdk/randi/Debug/randi.elf' is downloaded to processor 'ps7_cortexa9_0'.
22:32:49 INFO  : 'configparams force-mem-access 0' command is executed.
22:32:49 INFO  : ----------------XSDB Script----------------
connect -url tcp:127.0.0.1:3121
source C:/Users/daksh18137/hw11/hw11.sdk/design_1_wrapper_hw_platform_0/ps7_init.tcl
targets -set -nocase -filter {name =~"APU*" && jtag_cable_name =~ "Digilent Zybo Z7 210351A78190A"} -index 0
loadhw -hw C:/Users/daksh18137/hw11/hw11.sdk/design_1_wrapper_hw_platform_0/system.hdf -mem-ranges [list {0x40000000 0xbfffffff}]
configparams force-mem-access 1
targets -set -nocase -filter {name =~"APU*" && jtag_cable_name =~ "Digilent Zybo Z7 210351A78190A"} -index 0
stop
ps7_init
ps7_post_config
targets -set -nocase -filter {name =~ "ARM*#0" && jtag_cable_name =~ "Digilent Zybo Z7 210351A78190A"} -index 0
rst -processor
targets -set -nocase -filter {name =~ "ARM*#0" && jtag_cable_name =~ "Digilent Zybo Z7 210351A78190A"} -index 0
dow C:/Users/daksh18137/hw11/hw11.sdk/randi/Debug/randi.elf
configparams force-mem-access 0
----------------End of Script----------------

22:32:49 INFO  : Memory regions updated for context APU
22:32:49 INFO  : Context for processor 'ps7_cortexa9_0' is selected.
22:32:49 INFO  : 'con' command is executed.
22:32:49 INFO  : ----------------XSDB Script (After Launch)----------------
targets -set -nocase -filter {name =~ "ARM*#0" && jtag_cable_name =~ "Digilent Zybo Z7 210351A78190A"} -index 0
con
----------------End of Script----------------

22:32:49 INFO  : Launch script is exported to file 'C:\Users\daksh18137\hw11\hw11.sdk\.sdk\launch_scripts\xilinx_c-c++_application_(system_debugger)\system_debugger_using_debug_randi.elf_on_local.tcl'
22:35:35 INFO  : Connected to target on host '127.0.0.1' and port '3121'.
22:35:35 INFO  : 'targets -set -filter {jtag_cable_name =~ "Digilent Zybo Z7 210351A78190A" && level==0} -index 1' command is executed.
22:35:36 INFO  : FPGA configured successfully with bitstream "C:/Users/daksh18137/hw11/hw11.sdk/design_1_wrapper_hw_platform_0/design_1_wrapper.bit"
22:35:43 INFO  : Disconnected from the channel tcfchan#15.
22:35:44 INFO  : 'targets -set -filter {jtag_cable_name =~ "Digilent Zybo Z7 210351A78190A" && level==0} -index 1' command is executed.
22:35:44 INFO  : 'fpga -state' command is executed.
22:35:44 INFO  : Connected to target on host '127.0.0.1' and port '3121'.
22:35:44 INFO  : Jtag cable 'Digilent Zybo Z7 210351A78190A' is selected.
22:35:44 INFO  : 'jtag frequency' command is executed.
22:35:44 INFO  : Sourcing of 'C:/Users/daksh18137/hw11/hw11.sdk/design_1_wrapper_hw_platform_0/ps7_init.tcl' is done.
22:35:44 INFO  : Context for 'APU' is selected.
22:35:47 INFO  : Hardware design information is loaded from 'C:/Users/daksh18137/hw11/hw11.sdk/design_1_wrapper_hw_platform_0/system.hdf'.
22:35:47 INFO  : 'configparams force-mem-access 1' command is executed.
22:35:47 INFO  : Context for 'APU' is selected.
22:35:47 INFO  : 'stop' command is executed.
22:35:47 INFO  : 'ps7_init' command is executed.
22:35:47 INFO  : 'ps7_post_config' command is executed.
22:35:47 INFO  : Context for processor 'ps7_cortexa9_0' is selected.
22:35:47 INFO  : Processor reset is completed for 'ps7_cortexa9_0'.
22:35:47 INFO  : Context for processor 'ps7_cortexa9_0' is selected.
22:35:47 INFO  : The application 'C:/Users/daksh18137/hw11/hw11.sdk/randi/Debug/randi.elf' is downloaded to processor 'ps7_cortexa9_0'.
22:35:47 INFO  : 'configparams force-mem-access 0' command is executed.
22:35:47 INFO  : ----------------XSDB Script----------------
connect -url tcp:127.0.0.1:3121
source C:/Users/daksh18137/hw11/hw11.sdk/design_1_wrapper_hw_platform_0/ps7_init.tcl
targets -set -nocase -filter {name =~"APU*" && jtag_cable_name =~ "Digilent Zybo Z7 210351A78190A"} -index 0
loadhw -hw C:/Users/daksh18137/hw11/hw11.sdk/design_1_wrapper_hw_platform_0/system.hdf -mem-ranges [list {0x40000000 0xbfffffff}]
configparams force-mem-access 1
targets -set -nocase -filter {name =~"APU*" && jtag_cable_name =~ "Digilent Zybo Z7 210351A78190A"} -index 0
stop
ps7_init
ps7_post_config
targets -set -nocase -filter {name =~ "ARM*#0" && jtag_cable_name =~ "Digilent Zybo Z7 210351A78190A"} -index 0
rst -processor
targets -set -nocase -filter {name =~ "ARM*#0" && jtag_cable_name =~ "Digilent Zybo Z7 210351A78190A"} -index 0
dow C:/Users/daksh18137/hw11/hw11.sdk/randi/Debug/randi.elf
configparams force-mem-access 0
----------------End of Script----------------

22:35:47 INFO  : Memory regions updated for context APU
22:35:47 INFO  : Context for processor 'ps7_cortexa9_0' is selected.
22:35:47 INFO  : 'con' command is executed.
22:35:47 INFO  : ----------------XSDB Script (After Launch)----------------
targets -set -nocase -filter {name =~ "ARM*#0" && jtag_cable_name =~ "Digilent Zybo Z7 210351A78190A"} -index 0
con
----------------End of Script----------------

22:35:47 INFO  : Launch script is exported to file 'C:\Users\daksh18137\hw11\hw11.sdk\.sdk\launch_scripts\xilinx_c-c++_application_(system_debugger)\system_debugger_using_debug_randi.elf_on_local.tcl'
22:37:47 INFO  : Connected to target on host '127.0.0.1' and port '3121'.
22:37:47 INFO  : 'targets -set -filter {jtag_cable_name =~ "Digilent Zybo Z7 210351A78190A" && level==0} -index 1' command is executed.
22:37:49 INFO  : FPGA configured successfully with bitstream "C:/Users/daksh18137/hw11/hw11.sdk/design_1_wrapper_hw_platform_0/design_1_wrapper.bit"
22:37:53 INFO  : Disconnected from the channel tcfchan#16.
22:37:54 INFO  : 'targets -set -filter {jtag_cable_name =~ "Digilent Zybo Z7 210351A78190A" && level==0} -index 1' command is executed.
22:37:54 INFO  : 'fpga -state' command is executed.
22:37:54 INFO  : Connected to target on host '127.0.0.1' and port '3121'.
22:37:54 INFO  : Jtag cable 'Digilent Zybo Z7 210351A78190A' is selected.
22:37:54 INFO  : 'jtag frequency' command is executed.
22:37:54 INFO  : Sourcing of 'C:/Users/daksh18137/hw11/hw11.sdk/design_1_wrapper_hw_platform_0/ps7_init.tcl' is done.
22:37:55 INFO  : Context for 'APU' is selected.
22:37:56 INFO  : Hardware design information is loaded from 'C:/Users/daksh18137/hw11/hw11.sdk/design_1_wrapper_hw_platform_0/system.hdf'.
22:37:56 INFO  : 'configparams force-mem-access 1' command is executed.
22:37:56 INFO  : Context for 'APU' is selected.
22:37:56 INFO  : 'stop' command is executed.
22:37:57 INFO  : 'ps7_init' command is executed.
22:37:57 INFO  : 'ps7_post_config' command is executed.
22:37:57 INFO  : Context for processor 'ps7_cortexa9_0' is selected.
22:37:57 INFO  : Processor reset is completed for 'ps7_cortexa9_0'.
22:37:57 INFO  : Context for processor 'ps7_cortexa9_0' is selected.
22:37:57 INFO  : The application 'C:/Users/daksh18137/hw11/hw11.sdk/randi/Debug/randi.elf' is downloaded to processor 'ps7_cortexa9_0'.
22:37:57 INFO  : 'configparams force-mem-access 0' command is executed.
22:37:57 INFO  : ----------------XSDB Script----------------
connect -url tcp:127.0.0.1:3121
source C:/Users/daksh18137/hw11/hw11.sdk/design_1_wrapper_hw_platform_0/ps7_init.tcl
targets -set -nocase -filter {name =~"APU*" && jtag_cable_name =~ "Digilent Zybo Z7 210351A78190A"} -index 0
loadhw -hw C:/Users/daksh18137/hw11/hw11.sdk/design_1_wrapper_hw_platform_0/system.hdf -mem-ranges [list {0x40000000 0xbfffffff}]
configparams force-mem-access 1
targets -set -nocase -filter {name =~"APU*" && jtag_cable_name =~ "Digilent Zybo Z7 210351A78190A"} -index 0
stop
ps7_init
ps7_post_config
targets -set -nocase -filter {name =~ "ARM*#0" && jtag_cable_name =~ "Digilent Zybo Z7 210351A78190A"} -index 0
rst -processor
targets -set -nocase -filter {name =~ "ARM*#0" && jtag_cable_name =~ "Digilent Zybo Z7 210351A78190A"} -index 0
dow C:/Users/daksh18137/hw11/hw11.sdk/randi/Debug/randi.elf
configparams force-mem-access 0
----------------End of Script----------------

22:37:57 INFO  : Memory regions updated for context APU
22:37:57 INFO  : Context for processor 'ps7_cortexa9_0' is selected.
22:37:57 INFO  : 'con' command is executed.
22:37:57 INFO  : ----------------XSDB Script (After Launch)----------------
targets -set -nocase -filter {name =~ "ARM*#0" && jtag_cable_name =~ "Digilent Zybo Z7 210351A78190A"} -index 0
con
----------------End of Script----------------

22:37:57 INFO  : Launch script is exported to file 'C:\Users\daksh18137\hw11\hw11.sdk\.sdk\launch_scripts\xilinx_c-c++_application_(system_debugger)\system_debugger_using_debug_randi.elf_on_local.tcl'
22:39:48 INFO  : Connected to target on host '127.0.0.1' and port '3121'.
22:54:26 INFO  : Connected to target on host '127.0.0.1' and port '3121'.
22:54:26 INFO  : 'targets -set -filter {jtag_cable_name =~ "Digilent Zybo Z7 210351A78190A" && level==0} -index 1' command is executed.
22:54:28 INFO  : FPGA configured successfully with bitstream "C:/Users/daksh18137/hw11/hw11.sdk/design_1_wrapper_hw_platform_0/design_1_wrapper.bit"
22:54:43 INFO  : Disconnected from the channel tcfchan#17.
22:54:44 INFO  : 'targets -set -filter {jtag_cable_name =~ "Digilent Zybo Z7 210351A78190A" && level==0} -index 1' command is executed.
22:54:44 INFO  : 'fpga -state' command is executed.
22:54:44 INFO  : Connected to target on host '127.0.0.1' and port '3121'.
22:54:44 INFO  : Jtag cable 'Digilent Zybo Z7 210351A78190A' is selected.
22:54:44 INFO  : 'jtag frequency' command is executed.
22:54:44 INFO  : Sourcing of 'C:/Users/daksh18137/hw11/hw11.sdk/design_1_wrapper_hw_platform_0/ps7_init.tcl' is done.
22:54:45 INFO  : Context for 'APU' is selected.
22:54:48 INFO  : Hardware design information is loaded from 'C:/Users/daksh18137/hw11/hw11.sdk/design_1_wrapper_hw_platform_0/system.hdf'.
22:54:48 INFO  : 'configparams force-mem-access 1' command is executed.
22:54:48 INFO  : Context for 'APU' is selected.
22:54:48 INFO  : 'stop' command is executed.
22:54:48 INFO  : 'ps7_init' command is executed.
22:54:48 INFO  : 'ps7_post_config' command is executed.
22:54:48 INFO  : Context for processor 'ps7_cortexa9_0' is selected.
22:54:48 INFO  : Processor reset is completed for 'ps7_cortexa9_0'.
22:54:48 INFO  : Context for processor 'ps7_cortexa9_0' is selected.
22:54:48 INFO  : The application 'C:/Users/daksh18137/hw11/hw11.sdk/randi/Debug/randi.elf' is downloaded to processor 'ps7_cortexa9_0'.
22:54:48 INFO  : 'configparams force-mem-access 0' command is executed.
22:54:48 INFO  : ----------------XSDB Script----------------
connect -url tcp:127.0.0.1:3121
source C:/Users/daksh18137/hw11/hw11.sdk/design_1_wrapper_hw_platform_0/ps7_init.tcl
targets -set -nocase -filter {name =~"APU*" && jtag_cable_name =~ "Digilent Zybo Z7 210351A78190A"} -index 0
loadhw -hw C:/Users/daksh18137/hw11/hw11.sdk/design_1_wrapper_hw_platform_0/system.hdf -mem-ranges [list {0x40000000 0xbfffffff}]
configparams force-mem-access 1
targets -set -nocase -filter {name =~"APU*" && jtag_cable_name =~ "Digilent Zybo Z7 210351A78190A"} -index 0
stop
ps7_init
ps7_post_config
targets -set -nocase -filter {name =~ "ARM*#0" && jtag_cable_name =~ "Digilent Zybo Z7 210351A78190A"} -index 0
rst -processor
targets -set -nocase -filter {name =~ "ARM*#0" && jtag_cable_name =~ "Digilent Zybo Z7 210351A78190A"} -index 0
dow C:/Users/daksh18137/hw11/hw11.sdk/randi/Debug/randi.elf
configparams force-mem-access 0
----------------End of Script----------------

22:54:48 INFO  : Memory regions updated for context APU
22:54:49 INFO  : Context for processor 'ps7_cortexa9_0' is selected.
22:54:49 INFO  : 'con' command is executed.
22:54:49 INFO  : ----------------XSDB Script (After Launch)----------------
targets -set -nocase -filter {name =~ "ARM*#0" && jtag_cable_name =~ "Digilent Zybo Z7 210351A78190A"} -index 0
con
----------------End of Script----------------

22:54:49 INFO  : Launch script is exported to file 'C:\Users\daksh18137\hw11\hw11.sdk\.sdk\launch_scripts\xilinx_c-c++_application_(system_debugger)\system_debugger_using_debug_randi.elf_on_local.tcl'
22:57:59 INFO  : Disconnected from the channel tcfchan#18.
22:58:00 INFO  : 'targets -set -filter {jtag_cable_name =~ "Digilent Zybo Z7 210351A78190A" && level==0} -index 1' command is executed.
22:58:00 INFO  : 'fpga -state' command is executed.
22:58:00 INFO  : Connected to target on host '127.0.0.1' and port '3121'.
22:58:00 INFO  : Jtag cable 'Digilent Zybo Z7 210351A78190A' is selected.
22:58:00 INFO  : 'jtag frequency' command is executed.
22:58:00 INFO  : Sourcing of 'C:/Users/daksh18137/hw11/hw11.sdk/design_1_wrapper_hw_platform_0/ps7_init.tcl' is done.
22:58:00 INFO  : Context for 'APU' is selected.
22:58:02 INFO  : Hardware design information is loaded from 'C:/Users/daksh18137/hw11/hw11.sdk/design_1_wrapper_hw_platform_0/system.hdf'.
22:58:02 INFO  : 'configparams force-mem-access 1' command is executed.
22:58:02 INFO  : Context for 'APU' is selected.
22:58:02 INFO  : 'stop' command is executed.
22:58:03 INFO  : 'ps7_init' command is executed.
22:58:03 INFO  : 'ps7_post_config' command is executed.
22:58:03 INFO  : Context for processor 'ps7_cortexa9_0' is selected.
22:58:03 INFO  : Processor reset is completed for 'ps7_cortexa9_0'.
22:58:03 INFO  : Context for processor 'ps7_cortexa9_0' is selected.
22:58:03 INFO  : The application 'C:/Users/daksh18137/hw11/hw11.sdk/randi/Debug/randi.elf' is downloaded to processor 'ps7_cortexa9_0'.
22:58:03 INFO  : 'configparams force-mem-access 0' command is executed.
22:58:03 INFO  : ----------------XSDB Script----------------
connect -url tcp:127.0.0.1:3121
source C:/Users/daksh18137/hw11/hw11.sdk/design_1_wrapper_hw_platform_0/ps7_init.tcl
targets -set -nocase -filter {name =~"APU*" && jtag_cable_name =~ "Digilent Zybo Z7 210351A78190A"} -index 0
loadhw -hw C:/Users/daksh18137/hw11/hw11.sdk/design_1_wrapper_hw_platform_0/system.hdf -mem-ranges [list {0x40000000 0xbfffffff}]
configparams force-mem-access 1
targets -set -nocase -filter {name =~"APU*" && jtag_cable_name =~ "Digilent Zybo Z7 210351A78190A"} -index 0
stop
ps7_init
ps7_post_config
targets -set -nocase -filter {name =~ "ARM*#0" && jtag_cable_name =~ "Digilent Zybo Z7 210351A78190A"} -index 0
rst -processor
targets -set -nocase -filter {name =~ "ARM*#0" && jtag_cable_name =~ "Digilent Zybo Z7 210351A78190A"} -index 0
dow C:/Users/daksh18137/hw11/hw11.sdk/randi/Debug/randi.elf
configparams force-mem-access 0
----------------End of Script----------------

22:58:03 INFO  : Memory regions updated for context APU
22:58:03 INFO  : Context for processor 'ps7_cortexa9_0' is selected.
22:58:03 INFO  : 'con' command is executed.
22:58:03 INFO  : ----------------XSDB Script (After Launch)----------------
targets -set -nocase -filter {name =~ "ARM*#0" && jtag_cable_name =~ "Digilent Zybo Z7 210351A78190A"} -index 0
con
----------------End of Script----------------

22:58:03 INFO  : Launch script is exported to file 'C:\Users\daksh18137\hw11\hw11.sdk\.sdk\launch_scripts\xilinx_c-c++_application_(system_debugger)\system_debugger_using_debug_randi.elf_on_local.tcl'
22:59:43 INFO  : Disconnected from the channel tcfchan#19.
22:59:44 INFO  : 'targets -set -filter {jtag_cable_name =~ "Digilent Zybo Z7 210351A78190A" && level==0} -index 1' command is executed.
22:59:44 INFO  : 'fpga -state' command is executed.
22:59:44 INFO  : Connected to target on host '127.0.0.1' and port '3121'.
22:59:45 INFO  : Jtag cable 'Digilent Zybo Z7 210351A78190A' is selected.
22:59:45 INFO  : 'jtag frequency' command is executed.
22:59:45 INFO  : Sourcing of 'C:/Users/daksh18137/hw11/hw11.sdk/design_1_wrapper_hw_platform_0/ps7_init.tcl' is done.
22:59:45 INFO  : Context for 'APU' is selected.
22:59:47 INFO  : Hardware design information is loaded from 'C:/Users/daksh18137/hw11/hw11.sdk/design_1_wrapper_hw_platform_0/system.hdf'.
22:59:47 INFO  : 'configparams force-mem-access 1' command is executed.
22:59:47 INFO  : Context for 'APU' is selected.
22:59:47 INFO  : 'stop' command is executed.
22:59:47 INFO  : 'ps7_init' command is executed.
22:59:47 INFO  : 'ps7_post_config' command is executed.
22:59:47 INFO  : Context for processor 'ps7_cortexa9_0' is selected.
22:59:47 INFO  : Processor reset is completed for 'ps7_cortexa9_0'.
22:59:47 INFO  : Context for processor 'ps7_cortexa9_0' is selected.
22:59:47 INFO  : The application 'C:/Users/daksh18137/hw11/hw11.sdk/randi/Debug/randi.elf' is downloaded to processor 'ps7_cortexa9_0'.
22:59:47 INFO  : 'configparams force-mem-access 0' command is executed.
22:59:47 INFO  : ----------------XSDB Script----------------
connect -url tcp:127.0.0.1:3121
source C:/Users/daksh18137/hw11/hw11.sdk/design_1_wrapper_hw_platform_0/ps7_init.tcl
targets -set -nocase -filter {name =~"APU*" && jtag_cable_name =~ "Digilent Zybo Z7 210351A78190A"} -index 0
loadhw -hw C:/Users/daksh18137/hw11/hw11.sdk/design_1_wrapper_hw_platform_0/system.hdf -mem-ranges [list {0x40000000 0xbfffffff}]
configparams force-mem-access 1
targets -set -nocase -filter {name =~"APU*" && jtag_cable_name =~ "Digilent Zybo Z7 210351A78190A"} -index 0
stop
ps7_init
ps7_post_config
targets -set -nocase -filter {name =~ "ARM*#0" && jtag_cable_name =~ "Digilent Zybo Z7 210351A78190A"} -index 0
rst -processor
targets -set -nocase -filter {name =~ "ARM*#0" && jtag_cable_name =~ "Digilent Zybo Z7 210351A78190A"} -index 0
dow C:/Users/daksh18137/hw11/hw11.sdk/randi/Debug/randi.elf
configparams force-mem-access 0
----------------End of Script----------------

22:59:48 INFO  : Memory regions updated for context APU
22:59:48 INFO  : Context for processor 'ps7_cortexa9_0' is selected.
22:59:48 INFO  : 'con' command is executed.
22:59:48 INFO  : ----------------XSDB Script (After Launch)----------------
targets -set -nocase -filter {name =~ "ARM*#0" && jtag_cable_name =~ "Digilent Zybo Z7 210351A78190A"} -index 0
con
----------------End of Script----------------

22:59:48 INFO  : Launch script is exported to file 'C:\Users\daksh18137\hw11\hw11.sdk\.sdk\launch_scripts\xilinx_c-c++_application_(system_debugger)\system_debugger_using_debug_randi.elf_on_local.tcl'
23:06:43 INFO  : Disconnected from the channel tcfchan#20.
23:06:44 INFO  : 'targets -set -filter {jtag_cable_name =~ "Digilent Zybo Z7 210351A78190A" && level==0} -index 1' command is executed.
23:06:44 INFO  : 'fpga -state' command is executed.
23:06:44 INFO  : Connected to target on host '127.0.0.1' and port '3121'.
23:06:44 INFO  : Jtag cable 'Digilent Zybo Z7 210351A78190A' is selected.
23:06:44 INFO  : 'jtag frequency' command is executed.
23:06:44 INFO  : Sourcing of 'C:/Users/daksh18137/hw11/hw11.sdk/design_1_wrapper_hw_platform_0/ps7_init.tcl' is done.
23:06:44 INFO  : Context for 'APU' is selected.
23:06:47 INFO  : Hardware design information is loaded from 'C:/Users/daksh18137/hw11/hw11.sdk/design_1_wrapper_hw_platform_0/system.hdf'.
23:06:47 INFO  : 'configparams force-mem-access 1' command is executed.
23:06:47 INFO  : Context for 'APU' is selected.
23:06:47 INFO  : 'stop' command is executed.
23:06:47 INFO  : 'ps7_init' command is executed.
23:06:47 INFO  : 'ps7_post_config' command is executed.
23:06:47 INFO  : Context for processor 'ps7_cortexa9_0' is selected.
23:06:47 INFO  : Processor reset is completed for 'ps7_cortexa9_0'.
23:06:47 INFO  : Context for processor 'ps7_cortexa9_0' is selected.
23:06:47 INFO  : The application 'C:/Users/daksh18137/hw11/hw11.sdk/randi/Debug/randi.elf' is downloaded to processor 'ps7_cortexa9_0'.
23:06:47 INFO  : 'configparams force-mem-access 0' command is executed.
23:06:47 INFO  : ----------------XSDB Script----------------
connect -url tcp:127.0.0.1:3121
source C:/Users/daksh18137/hw11/hw11.sdk/design_1_wrapper_hw_platform_0/ps7_init.tcl
targets -set -nocase -filter {name =~"APU*" && jtag_cable_name =~ "Digilent Zybo Z7 210351A78190A"} -index 0
loadhw -hw C:/Users/daksh18137/hw11/hw11.sdk/design_1_wrapper_hw_platform_0/system.hdf -mem-ranges [list {0x40000000 0xbfffffff}]
configparams force-mem-access 1
targets -set -nocase -filter {name =~"APU*" && jtag_cable_name =~ "Digilent Zybo Z7 210351A78190A"} -index 0
stop
ps7_init
ps7_post_config
targets -set -nocase -filter {name =~ "ARM*#0" && jtag_cable_name =~ "Digilent Zybo Z7 210351A78190A"} -index 0
rst -processor
targets -set -nocase -filter {name =~ "ARM*#0" && jtag_cable_name =~ "Digilent Zybo Z7 210351A78190A"} -index 0
dow C:/Users/daksh18137/hw11/hw11.sdk/randi/Debug/randi.elf
configparams force-mem-access 0
----------------End of Script----------------

23:06:47 INFO  : Memory regions updated for context APU
23:06:47 INFO  : Context for processor 'ps7_cortexa9_0' is selected.
23:06:47 INFO  : 'con' command is executed.
23:06:47 INFO  : ----------------XSDB Script (After Launch)----------------
targets -set -nocase -filter {name =~ "ARM*#0" && jtag_cable_name =~ "Digilent Zybo Z7 210351A78190A"} -index 0
con
----------------End of Script----------------

23:06:47 INFO  : Launch script is exported to file 'C:\Users\daksh18137\hw11\hw11.sdk\.sdk\launch_scripts\xilinx_c-c++_application_(system_debugger)\system_debugger_using_debug_randi.elf_on_local.tcl'
23:08:50 INFO  : Connected to target on host '127.0.0.1' and port '3121'.
23:08:50 INFO  : 'targets -set -filter {jtag_cable_name =~ "Digilent Zybo Z7 210351A78190A" && level==0} -index 1' command is executed.
23:08:51 INFO  : FPGA configured successfully with bitstream "C:/Users/daksh18137/hw11/hw11.sdk/design_1_wrapper_hw_platform_0/design_1_wrapper.bit"
23:09:17 INFO  : Disconnected from the channel tcfchan#21.
23:09:18 INFO  : 'targets -set -filter {jtag_cable_name =~ "Digilent Zybo Z7 210351A78190A" && level==0} -index 1' command is executed.
23:09:18 INFO  : 'fpga -state' command is executed.
23:09:18 INFO  : Connected to target on host '127.0.0.1' and port '3121'.
23:09:18 INFO  : Jtag cable 'Digilent Zybo Z7 210351A78190A' is selected.
23:09:18 INFO  : 'jtag frequency' command is executed.
23:09:18 INFO  : Sourcing of 'C:/Users/daksh18137/hw11/hw11.sdk/design_1_wrapper_hw_platform_0/ps7_init.tcl' is done.
23:09:18 INFO  : Context for 'APU' is selected.
23:09:21 INFO  : Hardware design information is loaded from 'C:/Users/daksh18137/hw11/hw11.sdk/design_1_wrapper_hw_platform_0/system.hdf'.
23:09:21 INFO  : 'configparams force-mem-access 1' command is executed.
23:09:21 INFO  : Context for 'APU' is selected.
23:09:21 INFO  : 'stop' command is executed.
23:09:22 INFO  : 'ps7_init' command is executed.
23:09:22 INFO  : 'ps7_post_config' command is executed.
23:09:22 INFO  : Context for processor 'ps7_cortexa9_0' is selected.
23:09:22 INFO  : Processor reset is completed for 'ps7_cortexa9_0'.
23:09:22 INFO  : Context for processor 'ps7_cortexa9_0' is selected.
23:09:22 INFO  : The application 'C:/Users/daksh18137/hw11/hw11.sdk/randi/Debug/randi.elf' is downloaded to processor 'ps7_cortexa9_0'.
23:09:22 INFO  : 'configparams force-mem-access 0' command is executed.
23:09:22 INFO  : ----------------XSDB Script----------------
connect -url tcp:127.0.0.1:3121
source C:/Users/daksh18137/hw11/hw11.sdk/design_1_wrapper_hw_platform_0/ps7_init.tcl
targets -set -nocase -filter {name =~"APU*" && jtag_cable_name =~ "Digilent Zybo Z7 210351A78190A"} -index 0
loadhw -hw C:/Users/daksh18137/hw11/hw11.sdk/design_1_wrapper_hw_platform_0/system.hdf -mem-ranges [list {0x40000000 0xbfffffff}]
configparams force-mem-access 1
targets -set -nocase -filter {name =~"APU*" && jtag_cable_name =~ "Digilent Zybo Z7 210351A78190A"} -index 0
stop
ps7_init
ps7_post_config
targets -set -nocase -filter {name =~ "ARM*#0" && jtag_cable_name =~ "Digilent Zybo Z7 210351A78190A"} -index 0
rst -processor
targets -set -nocase -filter {name =~ "ARM*#0" && jtag_cable_name =~ "Digilent Zybo Z7 210351A78190A"} -index 0
dow C:/Users/daksh18137/hw11/hw11.sdk/randi/Debug/randi.elf
configparams force-mem-access 0
----------------End of Script----------------

23:09:22 INFO  : Memory regions updated for context APU
23:09:22 INFO  : Context for processor 'ps7_cortexa9_0' is selected.
23:09:22 INFO  : 'con' command is executed.
23:09:22 INFO  : ----------------XSDB Script (After Launch)----------------
targets -set -nocase -filter {name =~ "ARM*#0" && jtag_cable_name =~ "Digilent Zybo Z7 210351A78190A"} -index 0
con
----------------End of Script----------------

23:09:22 INFO  : Launch script is exported to file 'C:\Users\daksh18137\hw11\hw11.sdk\.sdk\launch_scripts\xilinx_c-c++_application_(system_debugger)\system_debugger_using_debug_randi.elf_on_local.tcl'
