#-----------------------------------------------------------
# Vivado v2019.1 (64-bit)
# SW Build 2552052 on Fri May 24 14:49:42 MDT 2019
# IP Build 2548770 on Fri May 24 18:01:18 MDT 2019
# Start of session at: Tue Nov  5 21:23:34 2019
# Process ID: 19096
# Current directory: C:/Users/daksh18137/hw11
# Command line: vivado.exe -gui_launcher_event rodinguilauncherevent14236 C:\Users\daksh18137\hw11\hw11.xpr
# Log file: C:/Users/daksh18137/hw11/vivado.log
# Journal file: C:/Users/daksh18137/hw11\vivado.jou
#-----------------------------------------------------------
start_gui
open_project C:/Users/daksh18137/hw11/hw11.xpr
Scanning sources...
Finished scanning sources
INFO: [IP_Flow 19-234] Refreshing IP repositories
INFO: [IP_Flow 19-1700] Loaded user IP repository 'c:/Users/daksh18137/Led_ip/ip_repo/Led_ip_1.0'.
INFO: [IP_Flow 19-2313] Loaded Vivado IP repository 'C:/Xilinx/Vivado/2019.1/data/ip'.
INFO: [Common 17-41] Interrupt caught. Command should exit soon.
ERROR: [BD 41-69] Error sourcing TCL script: 
    while executing
"namespace eval ::xilinx.com_ip_aximm_1.0 { source -notrace {C:/Xilinx/Vivado/2019.1/data/rsb/busdef/AXIMM/busdef.tcl} }"
ERROR: [BD 41-69] Error sourcing TCL script: 
    while executing
"source -notrace {C:/Xilinx/Vivado/2019.1/data/rsb/busdef/clock_signal/busdef.tcl} "
    (in namespace eval "::xilinx.com_ip_clock_signal_1.0" script line 1)
    invoked from within
"namespace eval ::xilinx.com_ip_clock_signal_1.0 { source -notrace {C:/Xilinx/Vivado/2019.1/data/rsb/busdef/clock_signal/busdef.tcl} }"
ERROR: [BD 41-69] Error sourcing TCL script: 
    while executing
"source -notrace {C:/Xilinx/Vivado/2019.1/data/rsb/busdef/gt_outclk/busdef.tcl} "
    (in namespace eval "::xilinx.com_ip_gt_outclk_1.0" script line 1)
    invoked from within
"namespace eval ::xilinx.com_ip_gt_outclk_1.0 { source -notrace {C:/Xilinx/Vivado/2019.1/data/rsb/busdef/gt_outclk/busdef.tcl} }"
ERROR: [BD 41-69] Error sourcing TCL script: 
    while executing
"source -notrace {C:/Xilinx/Vivado/2019.1/data/rsb/busdef/gt_usrclk/busdef.tcl} "
    (in namespace eval "::xilinx.com_ip_gt_usrclk_1.0" script line 1)
    invoked from within
"namespace eval ::xilinx.com_ip_gt_usrclk_1.0 { source -notrace {C:/Xilinx/Vivado/2019.1/data/rsb/busdef/gt_usrclk/busdef.tcl} }"
INFO: [Common 17-344] 'open_project' was cancelled
exit
INFO: [Common 17-206] Exiting Vivado at Tue Nov  5 21:24:54 2019...
