#-----------------------------------------------------------
# Vivado v2019.1 (64-bit)
# SW Build 2552052 on Fri May 24 14:49:42 MDT 2019
# IP Build 2548770 on Fri May 24 18:01:18 MDT 2019
# Start of session at: Tue Nov  5 01:12:20 2019
# Process ID: 21384
# Current directory: C:/Users/daksh18137/hw11
# Command line: vivado.exe -gui_launcher_event rodinguilauncherevent24356 C:\Users\daksh18137\hw11\hw11.xpr
# Log file: C:/Users/daksh18137/hw11/vivado.log
# Journal file: C:/Users/daksh18137/hw11\vivado.jou
#-----------------------------------------------------------
start_gui
open_project C:/Users/daksh18137/hw11/hw11.xpr
Scanning sources...
Finished scanning sources
INFO: [IP_Flow 19-234] Refreshing IP repositories
INFO: [IP_Flow 19-1704] No user IP repositories specified
INFO: [IP_Flow 19-2313] Loaded Vivado IP repository 'C:/Xilinx/Vivado/2019.1/data/ip'.
open_project: Time (s): cpu = 00:00:10 ; elapsed = 00:00:06 . Memory (MB): peak = 820.844 ; gain = 160.617
update_compile_order -fileset sources_1
set_property  ip_repo_paths  C:/Users/daksh18137/Led_ip/ip_repo/Led_ip_1.0 [current_project]
update_ip_catalog
INFO: [IP_Flow 19-234] Refreshing IP repositories
INFO: [IP_Flow 19-1700] Loaded user IP repository 'c:/Users/daksh18137/Led_ip/ip_repo/Led_ip_1.0'.
open_bd_design {C:/Users/daksh18137/hw11/hw11.srcs/sources_1/bd/design_1/design_1.bd}
Successfully read diagram <design_1> from BD file <C:/Users/daksh18137/hw11/hw11.srcs/sources_1/bd/design_1/design_1.bd>
open_bd_design: Time (s): cpu = 00:00:06 ; elapsed = 00:00:06 . Memory (MB): peak = 974.652 ; gain = 35.188
startgroup
create_bd_cell -type ip -vlnv edu.in:user:Led_ip:1.0 Led_ip_0
endgroup
startgroup
create_bd_cell -type ip -vlnv xilinx.com:ip:processing_system7:5.5 processing_system7_0
endgroup
apply_bd_automation -rule xilinx.com:bd_rule:axi4 -config { Clk_master {Auto} Clk_slave {Auto} Clk_xbar {Auto} Master {/processing_system7_0/M_AXI_GP0} Slave {/Led_ip_0/S_AXI} intc_ip {New AXI Interconnect} master_apm {0}}  [get_bd_intf_pins Led_ip_0/S_AXI]
INFO: [Ipptcl 7-1463] No Compatible Board Interface found. Board Tab not created in customize GUI
Slave segment </Led_ip_0/S_AXI/S_AXI_reg> is being mapped into address space </processing_system7_0/Data> at <0x43C0_0000 [ 64K ]>
startgroup
create_bd_cell -type ip -vlnv xilinx.com:ip:axi_gpio:2.0 axi_gpio_0
endgroup
startgroup
apply_bd_automation -rule xilinx.com:bd_rule:axi4 -config { Clk_master {/processing_system7_0/FCLK_CLK0 (50 MHz)} Clk_slave {Auto} Clk_xbar {/processing_system7_0/FCLK_CLK0 (50 MHz)} Master {/processing_system7_0/M_AXI_GP0} Slave {/axi_gpio_0/S_AXI} intc_ip {/ps7_0_axi_periph} master_apm {0}}  [get_bd_intf_pins axi_gpio_0/S_AXI]
Slave segment </axi_gpio_0/S_AXI/Reg> is being mapped into address space </processing_system7_0/Data> at <0x4120_0000 [ 64K ]>
apply_bd_automation -rule xilinx.com:bd_rule:board -config { Board_Interface {btns_4bits ( 4 Buttons ) } Manual_Source {Auto}}  [get_bd_intf_pins axi_gpio_0/GPIO]
INFO: [board_rule 100-100] set_property CONFIG.USE_BOARD_FLOW true [get_bd_cells /axi_gpio_0]
INFO: [board_rule 100-100] set_property CONFIG.GPIO_BOARD_INTERFACE btns_4bits [get_bd_cells /axi_gpio_0]
INFO: [board_rule 100-100] create_bd_intf_port -mode Master -vlnv xilinx.com:interface:gpio_rtl:1.0 btns_4bits
INFO: [board_rule 100-100] connect_bd_intf_net /btns_4bits /axi_gpio_0/GPIO
endgroup
apply_bd_automation -rule xilinx.com:bd_rule:processing_system7 -config {make_external "FIXED_IO, DDR" apply_board_preset "1" Master "Disable" Slave "Disable" }  [get_bd_cells processing_system7_0]
regenerate_bd_layout
startgroup
endgroup
set_property name Buttons [get_bd_cells axi_gpio_0]
validate_bd_design
CRITICAL WARNING: [PSU-1]  Parameter : PCW_UIPARAM_DDR_DQS_TO_CLK_DELAY_0 has negative value -0.050 . PS DDR interfaces might fail when entering negative DQS skew values. 
CRITICAL WARNING: [PSU-2]  Parameter : PCW_UIPARAM_DDR_DQS_TO_CLK_DELAY_1 has negative value -0.044 . PS DDR interfaces might fail when entering negative DQS skew values. 
CRITICAL WARNING: [PSU-3]  Parameter : PCW_UIPARAM_DDR_DQS_TO_CLK_DELAY_2 has negative value -0.035 . PS DDR interfaces might fail when entering negative DQS skew values. 
CRITICAL WARNING: [PSU-4]  Parameter : PCW_UIPARAM_DDR_DQS_TO_CLK_DELAY_3 has negative value -0.100 . PS DDR interfaces might fail when entering negative DQS skew values. 
validate_bd_design -force
file mkdir C:/Users/daksh18137/hw11/hw11.srcs/constrs_1
file mkdir C:/Users/daksh18137/hw11/hw11.srcs/constrs_1/new
close [ open C:/Users/daksh18137/hw11/hw11.srcs/constrs_1/new/const.xdc w ]
add_files -fileset constrs_1 C:/Users/daksh18137/hw11/hw11.srcs/constrs_1/new/const.xdc
make_wrapper -files [get_files C:/Users/daksh18137/hw11/hw11.srcs/sources_1/bd/design_1/design_1.bd] -top
INFO: [BD 41-1662] The design 'design_1.bd' is already validated. Therefore parameter propagation will not be re-run.
Wrote  : <C:\Users\daksh18137\hw11\hw11.srcs\sources_1\bd\design_1\design_1.bd> 
Wrote  : <C:/Users/daksh18137/hw11/hw11.srcs/sources_1/bd/design_1/ui/bd_1f5defd0.ui> 
VHDL Output written to : C:/Users/daksh18137/hw11/hw11.srcs/sources_1/bd/design_1/synth/design_1.v
VHDL Output written to : C:/Users/daksh18137/hw11/hw11.srcs/sources_1/bd/design_1/sim/design_1.v
VHDL Output written to : C:/Users/daksh18137/hw11/hw11.srcs/sources_1/bd/design_1/hdl/design_1_wrapper.v
add_files -norecurse C:/Users/daksh18137/hw11/hw11.srcs/sources_1/bd/design_1/hdl/design_1_wrapper.v
launch_runs impl_1 -to_step write_bitstream -jobs 2
INFO: [BD 41-1662] The design 'design_1.bd' is already validated. Therefore parameter propagation will not be re-run.
VHDL Output written to : C:/Users/daksh18137/hw11/hw11.srcs/sources_1/bd/design_1/synth/design_1.v
VHDL Output written to : C:/Users/daksh18137/hw11/hw11.srcs/sources_1/bd/design_1/sim/design_1.v
VHDL Output written to : C:/Users/daksh18137/hw11/hw11.srcs/sources_1/bd/design_1/hdl/design_1_wrapper.v
INFO: [BD 41-1029] Generation completed for the IP Integrator block Led_ip_0 .
INFO: [BD 41-1029] Generation completed for the IP Integrator block processing_system7_0 .
INFO: [BD 41-1029] Generation completed for the IP Integrator block ps7_0_axi_periph/xbar .
WARNING: [IP_Flow 19-4994] Overwriting existing constraint file 'c:/Users/daksh18137/hw11/hw11.srcs/sources_1/bd/design_1/ip/design_1_auto_pc_0/design_1_auto_pc_0_ooc.xdc'
INFO: [BD 41-1029] Generation completed for the IP Integrator block ps7_0_axi_periph/s00_couplers/auto_pc .
INFO: [BD 41-1029] Generation completed for the IP Integrator block rst_ps7_0_50M .
INFO: [BD 41-1029] Generation completed for the IP Integrator block Buttons .
Exporting to file C:/Users/daksh18137/hw11/hw11.srcs/sources_1/bd/design_1/hw_handoff/design_1.hwh
Generated Block Design Tcl file C:/Users/daksh18137/hw11/hw11.srcs/sources_1/bd/design_1/hw_handoff/design_1_bd.tcl
Generated Hardware Definition File C:/Users/daksh18137/hw11/hw11.srcs/sources_1/bd/design_1/synth/design_1.hwdef
[Tue Nov  5 01:19:01 2019] Launched design_1_xbar_0_synth_1, design_1_auto_pc_0_synth_1, design_1_Led_ip_0_0_synth_1, design_1_axi_gpio_0_0_synth_1, design_1_rst_ps7_0_50M_0_synth_1, design_1_processing_system7_0_0_synth_1, synth_1...
Run output will be captured here:
design_1_xbar_0_synth_1: C:/Users/daksh18137/hw11/hw11.runs/design_1_xbar_0_synth_1/runme.log
design_1_auto_pc_0_synth_1: C:/Users/daksh18137/hw11/hw11.runs/design_1_auto_pc_0_synth_1/runme.log
design_1_Led_ip_0_0_synth_1: C:/Users/daksh18137/hw11/hw11.runs/design_1_Led_ip_0_0_synth_1/runme.log
design_1_axi_gpio_0_0_synth_1: C:/Users/daksh18137/hw11/hw11.runs/design_1_axi_gpio_0_0_synth_1/runme.log
design_1_rst_ps7_0_50M_0_synth_1: C:/Users/daksh18137/hw11/hw11.runs/design_1_rst_ps7_0_50M_0_synth_1/runme.log
design_1_processing_system7_0_0_synth_1: C:/Users/daksh18137/hw11/hw11.runs/design_1_processing_system7_0_0_synth_1/runme.log
synth_1: C:/Users/daksh18137/hw11/hw11.runs/synth_1/runme.log
[Tue Nov  5 01:19:01 2019] Launched impl_1...
Run output will be captured here: C:/Users/daksh18137/hw11/hw11.runs/impl_1/runme.log
launch_runs: Time (s): cpu = 00:00:25 ; elapsed = 00:00:42 . Memory (MB): peak = 1364.461 ; gain = 77.180
file mkdir C:/Users/daksh18137/hw11/hw11.sdk
file copy -force C:/Users/daksh18137/hw11/hw11.runs/impl_1/design_1_wrapper.sysdef C:/Users/daksh18137/hw11/hw11.sdk/design_1_wrapper.hdf

launch_sdk -workspace C:/Users/daksh18137/hw11/hw11.sdk -hwspec C:/Users/daksh18137/hw11/hw11.sdk/design_1_wrapper.hdf
INFO: [Vivado 12-393] Launching SDK...
INFO: [Vivado 12-417] Running xsdk -workspace C:/Users/daksh18137/hw11/hw11.sdk -hwspec C:/Users/daksh18137/hw11/hw11.sdk/design_1_wrapper.hdf
INFO: [Vivado 12-3157] SDK launch initiated. Please check console for any further messages.
file copy -force C:/Users/daksh18137/hw11/hw11.runs/impl_1/design_1_wrapper.sysdef C:/Users/daksh18137/hw11/hw11.sdk/design_1_wrapper.hdf

launch_sdk -workspace C:/Users/daksh18137/hw11/hw11.sdk -hwspec C:/Users/daksh18137/hw11/hw11.sdk/design_1_wrapper.hdf
INFO: [Vivado 12-393] Launching SDK...
INFO: [Vivado 12-417] Running xsdk -workspace C:/Users/daksh18137/hw11/hw11.sdk -hwspec C:/Users/daksh18137/hw11/hw11.sdk/design_1_wrapper.hdf
INFO: [Vivado 12-3157] SDK launch initiated. Please check console for any further messages.
launch_sdk -workspace C:/Users/daksh18137/hw11/hw11.sdk -hwspec C:/Users/daksh18137/hw11/hw11.sdk/design_1_wrapper.hdf
INFO: [Vivado 12-393] Launching SDK...
INFO: [Vivado 12-417] Running xsdk -workspace C:/Users/daksh18137/hw11/hw11.sdk -hwspec C:/Users/daksh18137/hw11/hw11.sdk/design_1_wrapper.hdf
INFO: [Vivado 12-3157] SDK launch initiated. Please check console for any further messages.
file copy -force C:/Users/daksh18137/hw11/hw11.runs/impl_1/design_1_wrapper.sysdef C:/Users/daksh18137/hw11/hw11.sdk/design_1_wrapper.hdf

launch_sdk -workspace C:/Users/daksh18137/hw11/hw11.sdk -hwspec C:/Users/daksh18137/hw11/hw11.sdk/design_1_wrapper.hdf
INFO: [Vivado 12-393] Launching SDK...
INFO: [Vivado 12-417] Running xsdk -workspace C:/Users/daksh18137/hw11/hw11.sdk -hwspec C:/Users/daksh18137/hw11/hw11.sdk/design_1_wrapper.hdf
INFO: [Vivado 12-3157] SDK launch initiated. Please check console for any further messages.
file mkdir C:/Users/daksh18137/hw11/hw11.sdk
file copy -force C:/Users/daksh18137/hw11/hw11.runs/impl_1/design_1_wrapper.sysdef C:/Users/daksh18137/hw11/hw11.sdk/design_1_wrapper.hdf

launch_sdk -workspace C:/Users/daksh18137/hw11/hw11.sdk -hwspec C:/Users/daksh18137/hw11/hw11.sdk/design_1_wrapper.hdf
INFO: [Vivado 12-393] Launching SDK...
INFO: [Vivado 12-417] Running xsdk -workspace C:/Users/daksh18137/hw11/hw11.sdk -hwspec C:/Users/daksh18137/hw11/hw11.sdk/design_1_wrapper.hdf
INFO: [Vivado 12-3157] SDK launch initiated. Please check console for any further messages.
open_hw
open_hw: Time (s): cpu = 00:00:01 ; elapsed = 00:00:09 . Memory (MB): peak = 1376.605 ; gain = 0.000
connect_hw_server
