#-----------------------------------------------------------
# Vivado v2019.1 (64-bit)
# SW Build 2552052 on Fri May 24 14:49:42 MDT 2019
# IP Build 2548770 on Fri May 24 18:01:18 MDT 2019
# Start of session at: Tue Nov  5 01:08:40 2019
# Process ID: 23736
# Current directory: C:/Users/daksh18137/hw11
# Command line: vivado.exe -gui_launcher_event rodinguilauncherevent16688 C:\Users\daksh18137\hw11\hw11.xpr
# Log file: C:/Users/daksh18137/hw11/vivado.log
# Journal file: C:/Users/daksh18137/hw11\vivado.jou
#-----------------------------------------------------------
start_gui
open_project C:/Users/daksh18137/hw11/hw11.xpr
Scanning sources...
Finished scanning sources
INFO: [IP_Flow 19-234] Refreshing IP repositories
INFO: [IP_Flow 19-1704] No user IP repositories specified
INFO: [IP_Flow 19-2313] Loaded Vivado IP repository 'C:/Xilinx/Vivado/2019.1/data/ip'.
open_project: Time (s): cpu = 00:00:12 ; elapsed = 00:00:06 . Memory (MB): peak = 824.566 ; gain = 162.922
update_compile_order -fileset sources_1
open_bd_design {C:/Users/daksh18137/hw11/hw11.srcs/sources_1/bd/design_1/design_1.bd}
Successfully read diagram <design_1> from BD file <C:/Users/daksh18137/hw11/hw11.srcs/sources_1/bd/design_1/design_1.bd>
open_bd_design: Time (s): cpu = 00:00:08 ; elapsed = 00:00:06 . Memory (MB): peak = 949.469 ; gain = 70.449
exit
INFO: [Common 17-206] Exiting Vivado at Tue Nov  5 01:10:05 2019...
